2020-12-21 03:15:51 info: render time for sites/namaskar/admin=43ms
2020-12-21 03:16:05 info: render time for sites/namaskar/examples=49ms
2020-12-21 03:16:12 info: render time for =40ms
2020-12-21 03:16:19 info: render time for examples=19ms
2020-12-21 03:16:26 info: render time for examples=16ms
2020-12-21 03:16:27 info: render time for examples=39ms
2020-12-21 03:16:28 info: render time for documentation=43ms
2020-12-21 03:16:30 info: render time for =39ms
2020-12-21 03:16:39 info: render time for =60ms
2020-12-21 03:16:57 info: render time for =38ms
2020-12-21 03:17:00 info: render time for documentation=17ms
2020-12-21 03:21:29 info: render time for =26ms
2020-12-21 03:31:26 info: render time for documentation=59ms
2020-12-21 03:38:38 info: render time for =239ms
2020-12-21 03:39:10 info: render time for .documentation/templates=22ms
2020-12-21 03:39:28 info: render time for =39ms
2020-12-21 03:39:36 info: render time for =36ms
2020-12-21 03:41:03 info: render time for =45ms
2020-12-21 03:41:16 info: render time for =49ms
2020-12-21 03:41:23 info: render time for .documentation/installation=34ms
2020-12-21 03:43:55 info: render time for =44ms
2020-12-21 03:44:13 info: render time for documentation=53ms
2020-12-21 03:44:27 info: render time for documentation/templates=23ms
2020-12-21 03:46:55 info: render time for documentation/templates=25ms
2020-12-21 03:49:55 info: render time for =19ms
2020-12-21 03:50:13 info: render time for documentation=38ms
2020-12-21 03:50:24 info: render time for =52ms
2020-12-21 03:51:32 info: render time for documentation=42ms
2020-12-21 03:51:34 info: render time for documentation/installation=42ms
2020-12-21 03:51:45 info: render time for documentation=40ms
2020-12-21 03:51:50 info: render time for =36ms
2020-12-21 04:00:22 info: render time for =19ms
2020-12-21 04:00:45 info: render time for =34ms
2020-12-21 04:03:17 info: render time for =44ms
2020-12-21 04:03:50 info: render time for =44ms
2020-12-21 04:05:51 info: render time for =49ms
2020-12-21 04:05:59 info: render time for =49ms
2020-12-21 04:06:53 info: render time for =42ms
2020-12-21 04:08:33 info: render time for =44ms
2020-12-21 04:08:53 info: render time for =42ms
2020-12-21 04:08:55 info: render time for =38ms
2020-12-21 04:11:48 info: render time for =39ms
2020-12-21 04:11:58 info: render time for =47ms
2020-12-21 04:27:26 info: render time for =43ms
2020-12-21 04:28:43 info: render time for =49ms
2020-12-21 04:29:52 info: render time for =42ms
2020-12-21 04:32:59 info: render time for =47ms
2020-12-21 04:34:34 info: render time for =13ms
2020-12-21 04:43:55 info: render time for =39ms
2020-12-21 04:45:04 info: render time for =41ms
2020-12-21 04:47:35 info: render time for =13ms
2020-12-21 04:48:12 info: render time for =41ms
2020-12-21 04:48:25 info: render time for documentation=47ms
2020-12-21 04:48:50 info: render time for documentation=34ms
2020-12-21 04:48:55 info: render time for documentation=38ms
2020-12-21 04:48:57 info: render time for documentation=35ms
2020-12-21 04:48:59 info: render time for documentation=35ms
2020-12-21 04:51:03 info: render time for documentation=41ms
2020-12-21 04:51:09 info: render time for documentation=39ms
2020-12-21 04:51:16 info: render time for documentation/installation=41ms
2020-12-21 04:51:31 info: render time for examples=37ms
2020-12-21 04:51:57 info: render time for examples=38ms
2020-12-21 04:52:13 info: render time for namaskar-logo.svg=18ms
2020-12-21 05:25:46 info: render time for sites/namaskar/api/check=395ms
2020-12-21 05:26:40 info: render time for sites/namaskar/api/check=17ms
2020-12-21 05:36:06 info: render time for namaskar-logo.svg=20ms
2020-12-21 05:36:18 info: render time for =57ms
2020-12-21 05:36:58 info: render time for documentation=35ms
2020-12-21 05:37:16 info: render time for examples=46ms
2020-12-21 05:37:20 info: render time for documentation=41ms
2020-12-21 05:37:23 info: render time for examples=41ms
2020-12-21 05:37:42 info: render time for examples/mempad-for-windows=47ms
2020-12-21 05:37:46 info: render time for documentation=39ms
2020-12-21 05:37:53 info: render time for examples=39ms
2020-12-21 05:38:53 info: render time for =49ms
2020-12-21 05:39:01 info: render time for =47ms
2020-12-21 05:39:11 info: render time for =36ms
2020-12-21 05:39:13 info: render time for documentation=43ms
2020-12-21 05:39:16 info: render time for examples=42ms
2020-12-21 05:50:27 info: render time for =57ms
2020-12-21 05:50:30 info: render time for =40ms
2020-12-21 05:50:34 info: render time for =40ms
2020-12-21 05:53:11 info: render time for =45ms
2020-12-21 05:54:08 info: render time for =29ms
2020-12-21 05:54:11 info: render time for =42ms
2020-12-21 05:54:14 info: render time for =38ms
2020-12-21 05:55:27 info: render time for =48ms
2020-12-21 05:55:28 info: render time for =43ms
2020-12-21 05:55:29 info: render time for =40ms
2020-12-21 05:55:44 info: render time for =40ms
2020-12-21 05:56:29 info: render time for =48ms
2020-12-21 06:14:18 info: render time for examples=52ms
2020-12-21 06:16:34 info: render time for examples=47ms
2020-12-21 06:17:50 info: render time for examples=44ms
2020-12-21 06:18:33 info: render time for examples=31ms
2020-12-21 06:18:49 info: render time for documentation=40ms
2020-12-21 06:18:51 info: render time for examples=25ms
2020-12-21 06:18:54 info: render time for examples/mempad-for-windows=41ms
2020-12-21 06:19:01 info: render time for examples=43ms
2020-12-21 06:19:26 info: render time for documentation=37ms
2020-12-21 06:19:33 info: render time for documentation/installation=48ms
2020-12-21 06:19:37 info: render time for documentation=35ms
2020-12-21 06:19:58 info: render time for documentation/installation=42ms
2020-12-21 06:21:20 info: render time for documentation/installation=31ms
2020-12-21 06:21:50 info: render time for documentation/installation/api=38ms
2020-12-21 06:34:21 info: render time for documentation/templates=60ms
2020-12-21 06:40:27 info: render time for documentation/templates=56ms
2020-12-21 06:44:31 info: render time for =15ms
2020-12-21 06:59:18 info: render time for =50ms
2020-12-21 07:00:13 info: render time for documentation=41ms
2020-12-21 07:00:15 info: render time for examples=41ms
2020-12-21 07:00:16 info: render time for examples/paste2markdown=34ms
2020-12-21 07:01:36 info: render time for documentation=51ms
2020-12-21 07:01:38 info: render time for documentation/templates=56ms
2020-12-22 01:22:16 info: render time for =13ms
2020-12-22 01:23:00 info: render time for documentation=42ms
2020-12-22 01:23:05 info: render time for documentation/templates=47ms
2020-12-22 01:23:09 info: render time for =41ms
2020-12-22 01:42:33 info: render time for =18223ms
2020-12-22 01:43:32 info: render time for =61ms
2020-12-22 01:43:47 info: render time for documentation=42ms
2020-12-22 01:43:51 info: render time for =50ms
2020-12-22 01:47:52 info: render time for =60ms
2020-12-22 02:03:48 info: render time for =54ms
2020-12-22 02:07:24 info: render time for =51ms
2020-12-22 02:36:18 info: render time for documentation=48ms
2020-12-22 02:54:28 info: render time for documentation=43ms
2020-12-22 02:57:40 info: render time for documentation/templates=43ms
2020-12-22 03:21:29 info: render time for documentation/configuration=53ms
2020-12-22 03:26:23 info: render time for documentation/configuration=44ms
2020-12-22 03:27:06 info: render time for documentation/configuration=47ms
2020-12-22 03:33:20 info: render time for documentation/configuration=43ms
2020-12-22 03:34:08 info: render time for documentation/configuration=47ms
2020-12-22 03:34:16 info: render time for documentation/configuration=39ms
2020-12-22 03:40:12 info: render time for documentation/configuration=24ms
2020-12-22 03:45:20 info: render time for documentation/configuration=47ms
2020-12-22 03:45:31 info: render time for documentation/configuration=36ms
2020-12-22 03:45:35 info: render time for documentation/configuration=36ms
2020-12-22 03:46:30 info: render time for documentation/configuration=43ms
2020-12-22 03:46:42 info: render time for documentation/configuration=43ms
2020-12-22 03:48:34 info: render time for documentation/configuration=37ms
2020-12-22 03:51:11 info: render time for documentation/configuration=41ms
2020-12-22 03:51:29 info: render time for documentation=34ms
2020-12-22 03:51:35 info: render time for =41ms
2020-12-22 03:51:43 info: render time for documentation=48ms
2020-12-22 03:51:47 info: render time for documentation/configuration=35ms
2020-12-22 03:51:49 info: render time for documentation/installation=25ms
2020-12-22 03:52:09 info: render time for documentation/configuration=50ms
2020-12-22 03:52:39 info: render time for documentation/templates=46ms
2020-12-22 03:59:08 info: render time for documentation/templates=44ms
2020-12-22 04:15:09 info: render time for documentation/templates=33ms
2020-12-22 04:16:24 info: render time for examples=41ms
2020-12-22 04:16:27 info: render time for examples/mempad-for-windows=40ms
2020-12-22 04:16:58 info: render time for documentation=36ms
2020-12-22 04:17:02 info: render time for =36ms
2020-12-22 04:17:39 info: render time for =46ms
2020-12-22 04:17:43 info: render time for =34ms
2020-12-22 04:17:45 info: render time for documentation=40ms
2020-12-22 04:20:26 info: render time for documentation=62ms
2020-12-22 04:20:29 info: render time for =21ms
2020-12-22 04:20:33 info: render time for =47ms
2020-12-22 04:20:37 info: render time for =37ms
2020-12-22 04:20:39 info: render time for documentation=38ms
2020-12-22 04:20:41 info: render time for =39ms
2020-12-22 04:20:52 info: render time for documentation=52ms
2020-12-22 04:20:53 info: render time for documentation/configuration=39ms
2020-12-22 04:20:55 info: render time for documentation/templates=35ms
2020-12-22 04:21:01 info: render time for documentation=43ms
2020-12-22 04:21:05 info: render time for =41ms
2020-12-22 04:22:39 info: render time for =45ms
2020-12-22 04:27:15 info: render time for =47ms
2020-12-22 04:27:17 info: render time for documentation=43ms
2020-12-22 04:27:22 info: render time for =50ms
2020-12-22 04:27:24 info: render time for examples=41ms
2020-12-22 04:46:04 info: render time for =59ms
2020-12-22 04:47:24 info: render time for =41ms
2020-12-22 04:47:52 info: render time for =42ms
2020-12-22 04:47:58 info: render time for =40ms
2020-12-22 04:50:22 info: render time for =64ms
2020-12-22 04:50:44 info: render time for =46ms
2020-12-22 04:51:20 info: render time for =45ms
2020-12-22 04:51:30 info: render time for =40ms
2020-12-22 04:51:48 info: render time for =41ms
2020-12-22 04:52:16 info: render time for =45ms
2020-12-22 04:52:39 info: render time for =44ms
2020-12-22 04:53:09 info: render time for =40ms
2020-12-22 04:53:31 info: render time for documentation=42ms
2020-12-22 04:53:34 info: render time for documentation=40ms
2020-12-22 05:14:16 info: render time for examples=77ms
2020-12-22 05:14:19 info: render time for =40ms
2020-12-22 05:14:21 info: render time for documentation=39ms
2020-12-22 05:14:36 info: render time for =12ms
2020-12-22 05:14:44 info: render time for =21ms
2020-12-22 05:24:03 info: render time for =42ms
2020-12-22 05:24:07 info: render time for =38ms
2020-12-22 05:24:53 info: render time for =39ms
2020-12-22 05:26:44 info: render time for =33ms
2020-12-22 05:29:22 info: render time for =45ms
2020-12-22 05:29:24 info: render time for =43ms
2020-12-22 05:29:52 info: render time for =41ms
2020-12-22 05:31:12 info: render time for =49ms
2020-12-22 05:31:38 info: render time for =41ms
2020-12-22 05:32:08 info: render time for =41ms
2020-12-22 05:32:47 info: render time for =46ms
2020-12-22 05:33:20 info: render time for =29ms
2020-12-22 05:35:14 info: render time for =43ms
2020-12-22 05:40:51 info: render time for =48ms
2020-12-22 05:40:54 info: render time for =32ms
2020-12-22 05:41:15 info: render time for =49ms
2020-12-22 05:41:35 info: render time for =39ms
2020-12-22 05:41:38 info: render time for =41ms
2020-12-22 05:42:39 info: render time for =44ms
2020-12-22 05:43:30 info: render time for =42ms
2020-12-22 05:44:04 info: render time for =45ms
2020-12-22 05:46:17 info: render time for =50ms
2020-12-22 05:49:55 info: render time for =40ms
2020-12-22 05:51:11 info: render time for documentation=41ms
2020-12-22 05:51:17 info: render time for documentation/configuration=44ms
2020-12-22 06:21:29 info: render time for documentation/configuration=42ms
2020-12-22 06:24:27 info: render time for documentation/configuration=52ms
2020-12-22 06:24:33 info: render time for documentation/configuration=37ms
2020-12-22 06:25:35 info: render time for documentation/configuration=39ms
2020-12-22 06:25:47 info: render time for documentation/configuration=44ms
2020-12-22 06:25:56 info: render time for =43ms
2020-12-22 06:27:35 info: render time for =41ms
2020-12-22 06:27:50 info: render time for documentation=42ms
2020-12-22 06:27:54 info: render time for documentation=39ms
2020-12-22 06:28:01 info: render time for =44ms
2020-12-22 06:29:04 info: render time for =42ms
2020-12-22 06:37:13 info: render time for =35ms
2020-12-22 06:39:39 info: render time for =46ms
2020-12-22 06:43:25 info: render time for =49ms
2020-12-22 06:45:12 info: render time for =39ms
2020-12-22 06:45:24 info: render time for =51ms
2020-12-22 06:45:27 info: render time for =36ms
2020-12-22 06:45:36 info: render time for documentation=49ms
2020-12-22 06:45:38 info: render time for documentation/configuration=44ms
2020-12-22 06:45:49 info: render time for documentation/configuration=44ms
2020-12-22 06:46:09 info: render time for documentation/configuration=38ms
2020-12-22 06:46:43 info: render time for documentation/configuration=43ms
2020-12-22 06:47:03 info: render time for documentation/configuration=41ms
2020-12-22 06:47:22 info: render time for documentation/configuration=44ms
2020-12-22 06:47:53 info: render time for documentation/templates=42ms
2020-12-22 06:48:09 info: render time for documentation/templates=40ms
2020-12-22 06:51:33 info: render time for =44ms
2020-12-22 06:51:37 info: render time for documentation=42ms
2020-12-22 06:52:32 info: render time for documentation=16ms
2020-12-22 06:52:52 info: render time for documentation=34ms
2020-12-22 06:52:55 info: render time for =44ms
2020-12-22 06:52:57 info: render time for examples=42ms
2020-12-22 06:53:01 info: render time for examples/mempad-for-windows=41ms
2020-12-22 06:53:47 info: render time for examples/mempad-for-windows/program=43ms
2020-12-22 06:54:06 info: render time for documentation=38ms
2020-12-22 07:38:23 info: render time for documentation=48ms
2020-12-22 07:38:56 info: render time for documentation=52ms
2020-12-22 07:39:01 info: render time for =41ms
2020-12-22 07:39:05 info: render time for =42ms
2020-12-22 07:41:04 info: render time for =93ms
2020-12-22 07:43:28 info: render time for =18ms
2020-12-22 07:44:17 info: render time for documentation=43ms
2020-12-22 07:45:20 info: render time for documentation=39ms
2020-12-22 07:46:32 info: render time for documentation=21ms
2020-12-22 07:49:43 info: render time for documentation=68ms
2020-12-22 07:57:47 info: render time for documentation=48ms
2020-12-22 07:57:52 info: render time for documentation=44ms
2020-12-22 08:01:31 info: render time for documentation=44ms
2020-12-22 08:01:34 info: render time for documentation=43ms
2020-12-22 08:01:35 info: render time for documentation=38ms
2020-12-22 08:02:07 info: render time for documentation=52ms
2020-12-22 08:10:07 info: render time for documentation=85ms
2020-12-22 08:12:32 info: render time for documentation=52ms
2020-12-22 08:15:16 info: render time for documentation=76ms
2020-12-22 08:19:35 info: render time for documentation=83ms
2020-12-22 08:20:54 info: render time for documentation=30ms
2020-12-22 08:21:16 info: render time for documentation=28ms
2020-12-22 08:21:53 info: render time for documentation/why-another-cms=30ms
2020-12-22 08:21:53 404 for asset: documentation/media/img/mempad.png
2020-12-22 08:21:53 404 for asset: documentation/media/img/namaskar.png
2020-12-22 08:23:49 info: render time for documentation/why-another-cms=46ms
2020-12-22 08:23:50 404 for asset: documentation/media/img/mempad.png
2020-12-22 08:23:50 404 for asset: documentation/media/img/namaskar.png
2020-12-22 08:27:09 info: render time for documentation/why-another-cms=46ms
2020-12-22 08:33:25 info: render time for documentation/why-another-cms=40ms
2020-12-22 10:35:24 info: render time for =58ms
2020-12-22 10:55:05 info: render time for =46ms
2020-12-22 11:44:50 info: render time for documentation=286ms
2020-12-22 11:44:53 info: render time for =54ms
2020-12-22 11:46:05 info: render time for documentation=41ms
2020-12-22 11:46:40 info: render time for documentation/why-another-cms=55ms
2020-12-22 05:54:54 info: render time for =53ms
2020-12-22 06:00:02 info: render time for documentation=320ms
2020-12-23 12:24:51 info: render time for documentation=83ms
2020-12-23 12:24:58 info: render time for =50ms
2020-12-23 12:25:25 info: render time for =68ms
2020-12-23 12:28:13 info: render time for home=66ms
2020-12-23 12:29:30 info: render time for home=113ms
2020-12-23 12:29:31 info: render time for =44ms
2020-12-23 12:29:31 info: render time for =29ms
2020-12-23 12:30:51 info: render time for home=61ms
2020-12-23 12:31:00 info: render time for =42ms
2020-12-23 12:33:07 info: render time for =45ms
2020-12-23 12:33:20 info: render time for =38ms
2020-12-23 12:33:20 info: render time for =26ms
2020-12-23 12:33:21 info: render time for =36ms
2020-12-23 12:33:22 info: render time for =20ms
2020-12-23 12:33:26 info: render time for documentation=39ms
2020-12-23 12:33:31 info: render time for documentation=40ms
2020-12-23 12:33:34 info: render time for examples=39ms
2020-12-23 12:35:28 info: render time for examples=41ms
2020-12-23 12:35:30 info: render time for =46ms
2020-12-23 12:35:33 info: render time for documentation=44ms
2020-12-23 12:35:36 info: render time for examples=41ms
2020-12-23 12:35:50 info: render time for conf=41ms
2020-12-23 12:40:42 info: render time for conf=33ms
2020-12-23 12:41:18 info: render time for documentation=20ms
2020-12-23 12:41:26 info: render time for =49ms
2020-12-23 12:41:36 info: render time for documentation=54ms
2020-12-23 12:41:48 info: render time for =48ms
2020-12-23 12:49:45 info: render time for de=43ms
2020-12-23 12:50:59 info: render time for de=71ms
2020-12-23 12:51:01 info: render time for de=37ms
2020-12-23 12:52:21 info: render time for de=49ms
2020-12-23 01:04:00 info: render time for de=325ms
2020-12-23 01:06:46 info: render time for de=48ms
2020-12-23 01:15:47 info: render time for de=38ms
2020-12-23 01:17:02 info: render time for de=43ms
2020-12-23 01:17:26 info: render time for de=42ms
2020-12-23 01:18:20 info: render time for de=73ms
2020-12-23 01:18:36 info: render time for de=41ms
2020-12-23 01:36:02 info: render time for de=99ms
2020-12-23 01:51:40 info: render time for =52ms
2020-12-23 01:51:42 info: render time for =34ms
2020-12-23 01:51:46 info: render time for documentation=20ms
2020-12-23 01:51:52 info: render time for =27ms
2020-12-23 01:52:28 info: render time for de=73ms
2020-12-23 01:52:45 info: render time for documentation=42ms
2020-12-23 01:52:49 info: render time for de=39ms
2020-12-23 01:54:09 info: render time for de=80ms
2020-12-23 01:58:06 info: render time for de=70ms
2020-12-23 01:58:13 info: render time for de/programm=35ms
2020-12-23 02:01:08 info: render time for de/programm=63ms
2020-12-23 02:01:21 info: render time for =44ms
2020-12-23 02:01:24 info: render time for de=16ms
2020-12-23 02:01:43 info: render time for de/programm=42ms
2020-12-23 02:01:46 info: render time for =21ms
2020-12-23 02:01:48 info: render time for de=20ms
2020-12-23 02:03:01 info: render time for =40ms
2020-12-23 02:03:05 info: render time for de=24ms
2020-12-23 02:03:18 info: render time for de/programm=42ms
2020-12-23 02:03:19 info: render time for de/exemples=19ms
2020-12-23 02:16:55 info: render time for de/exemples=47ms
2020-12-23 02:17:04 info: render time for =53ms
2020-12-23 02:17:07 info: render time for de=38ms
2020-12-23 02:17:12 info: render time for =36ms
2020-12-23 02:17:16 info: render time for documentation=38ms
2020-12-23 02:17:19 info: render time for documentation/why-another-cms=32ms
2020-12-23 02:20:30 info: render time for documentation/why-another-cms=71ms
2020-12-23 02:34:03 info: render time for =71ms
2020-12-23 02:34:04 info: render time for =43ms
2020-12-23 02:34:11 info: render time for documentation/why-another-cms=43ms
2020-12-23 02:34:21 info: render time for documentation/why-another-cms=27ms
2020-12-23 02:35:02 info: render time for documentation/why-another-cms=40ms
2020-12-23 02:35:07 info: render time for =16ms
2020-12-23 02:35:14 info: render time for de=43ms
2020-12-23 02:37:45 info: render time for =74ms
2020-12-23 02:40:49 info: render time for de=68ms
2020-12-23 02:45:35 info: render time for de=87ms
2020-12-23 02:46:11 info: render time for de=79ms
2020-12-23 02:47:28 info: render time for de=53ms
2020-12-23 02:50:01 info: render time for de=68ms
2020-12-23 02:50:02 info: render time for de=61ms
2020-12-23 02:50:04 info: render time for de=61ms
2020-12-23 02:50:05 info: render time for de=61ms
2020-12-23 02:50:28 info: render time for de=80ms
2020-12-23 02:52:45 info: render time for de=93ms
2020-12-23 02:52:46 info: render time for de=79ms
2020-12-23 02:53:14 info: render time for de=60ms
2020-12-23 02:54:37 info: render time for de=27ms
2020-12-23 02:54:48 info: render time for de=61ms
2020-12-23 02:56:25 info: render time for de=62ms
2020-12-23 02:56:44 info: render time for de=120ms
2020-12-23 02:58:05 info: render time for de=72ms
2020-12-23 02:58:35 info: render time for de=72ms
2020-12-23 02:58:49 info: render time for de=42ms
2020-12-23 03:00:07 info: render time for de=54ms
2020-12-23 03:00:24 info: render time for de=71ms
2020-12-23 03:08:13 info: render time for de=79ms
2020-12-23 03:09:00 info: render time for de=70ms
2020-12-23 03:09:46 info: render time for de=30ms
2020-12-23 03:09:48 info: render time for de=63ms
2020-12-23 06:23:14 info: render time for de=90ms
2020-12-23 06:27:30 info: render time for de=66ms
2020-12-23 06:28:07 info: render time for de=66ms
2020-12-23 06:29:14 info: render time for de=69ms
2020-12-23 06:29:15 info: render time for de=59ms
2020-12-23 06:29:47 info: render time for de=65ms
2020-12-23 06:31:57 info: render time for de=68ms
2020-12-23 06:34:36 info: render time for de=431ms
2020-12-23 06:34:52 info: render time for de=278ms
2020-12-23 06:39:12 info: render time for de=84ms
2020-12-23 06:39:15 info: render time for examples/freedom-from-the-known/chapter-8=65ms
2020-12-23 06:39:22 info: render time for de=75ms
2020-12-23 06:39:23 info: render time for de=54ms
2020-12-23 07:07:53 info: render time for de=76ms
2020-12-23 07:09:20 info: render time for de=63ms
2020-12-23 07:10:31 info: render time for de=77ms
2020-12-23 07:12:17 info: render time for de=63ms
2020-12-23 07:33:32 info: render time for de=72ms
2020-12-23 07:34:59 info: render time for de=60ms
2020-12-23 07:35:57 info: render time for de=64ms
2020-12-23 07:37:52 info: render time for de=75ms
2020-12-23 07:47:18 info: render time for de=74ms
2020-12-23 07:47:21 info: render time for de=62ms
2020-12-23 07:49:07 info: render time for de=60ms
2020-12-23 07:50:34 info: render time for de=65ms
2020-12-23 07:50:35 info: render time for de=60ms
2020-12-23 07:50:36 info: render time for de=58ms
2020-12-23 07:50:41 info: render time for de=53ms
2020-12-23 07:50:43 info: render time for de=56ms
2020-12-23 07:50:55 info: render time for de=52ms
2020-12-23 07:52:21 info: render time for de=66ms
2020-12-23 07:53:31 info: render time for de=70ms
2020-12-23 07:54:16 info: render time for de=75ms
2020-12-23 07:54:35 info: render time for de=35ms
2020-12-23 07:55:37 info: render time for de=69ms
2020-12-23 07:59:01 info: render time for de=72ms
2020-12-23 07:59:22 info: render time for de=68ms
2020-12-23 08:01:14 info: render time for de=60ms
2020-12-23 08:02:26 info: render time for de=69ms
2020-12-23 08:02:33 info: render time for examples/freedom-from-the-known/chapter-8=71ms
2020-12-23 08:03:07 info: render time for examples/freedom-from-the-known/chapter-8=70ms
2020-12-23 08:04:08 info: render time for de=73ms
2020-12-23 08:07:16 info: render time for de=63ms
2020-12-23 08:08:36 info: render time for de=20ms
2020-12-23 08:08:38 info: render time for de=58ms
2020-12-23 08:09:05 info: render time for de=62ms
2020-12-23 08:09:06 info: render time for de=58ms
2020-12-23 08:09:10 info: render time for examples/freedom-from-the-known/chapter-8=44ms
2020-12-23 08:09:52 info: render time for =41ms
2020-12-23 08:12:03 info: render time for =39ms
2020-12-23 08:12:37 info: render time for =42ms
2020-12-23 08:12:39 info: render time for =37ms
2020-12-23 08:12:53 info: render time for =39ms
2020-12-23 08:13:36 info: render time for de=33ms
2020-12-23 08:15:18 info: render time for de=38ms
2020-12-23 08:15:30 info: render time for de=45ms
2020-12-23 08:15:56 info: render time for de=58ms
2020-12-23 08:16:20 info: render time for de=25ms
2020-12-23 08:16:28 info: render time for de=39ms
2020-12-23 08:17:14 info: render time for de=62ms
2020-12-23 08:21:18 info: render time for de=50ms
2020-12-23 08:24:08 info: render time for de=39ms
2020-12-23 08:24:09 info: render time for de=38ms
2020-12-23 08:24:29 info: render time for de=40ms
2020-12-23 08:24:38 info: render time for de=45ms
2020-12-23 08:24:51 info: render time for de=48ms
2020-12-23 08:25:05 info: render time for de=39ms
2020-12-23 08:25:09 info: render time for =65ms
2020-12-23 08:25:28 info: render time for de=32ms
2020-12-23 08:25:29 info: render time for de=31ms
2020-12-23 08:26:14 info: render time for de=42ms
2020-12-23 08:26:15 info: render time for de=42ms
2020-12-23 08:26:20 info: render time for de=38ms
2020-12-23 08:26:54 info: render time for =67ms
2020-12-23 08:28:53 info: render time for =48ms
2020-12-23 08:30:50 info: render time for =83ms
2020-12-23 08:30:59 info: render time for de=45ms
2020-12-23 08:31:22 info: render time for de=36ms
2020-12-23 08:31:25 info: render time for =76ms
2020-12-23 08:31:46 info: render time for =20ms
2020-12-23 08:31:49 info: render time for =41ms
2020-12-23 08:31:51 info: render time for de=40ms
2020-12-23 08:31:53 info: render time for =40ms
2020-12-23 08:32:23 info: render time for =14ms
2020-12-23 08:32:26 info: render time for =44ms
2020-12-23 08:32:27 info: render time for de=43ms
2020-12-23 08:35:34 info: render time for de=22ms
2020-12-23 08:35:39 info: render time for de=45ms
2020-12-23 09:57:54 info: render time for =201ms
2020-12-23 09:58:20 info: render time for =136ms
2020-12-23 10:00:54 info: render time for =74ms
2020-12-23 10:02:32 info: render time for =42ms
2020-12-23 10:02:45 info: render time for =72ms
2020-12-23 10:02:54 info: render time for de=46ms
2020-12-23 10:25:59 info: render time for de=32ms
2020-12-23 11:01:25 info: render time for =60ms
2020-12-23 11:01:27 info: render time for =43ms
2020-12-23 11:01:30 info: render time for de=20ms
2020-12-23 11:01:47 info: render time for de/programm=63ms
2020-12-23 12:32:20 info: render time for de/programm=130ms
2020-12-23 12:32:32 info: render time for de=48ms
2020-12-23 12:41:07 info: render time for de=79ms
2020-12-23 02:13:25 info: render time for =15ms
2020-12-23 02:13:27 info: render time for =23ms
2020-12-23 02:13:28 info: render time for de=20ms
2020-12-24 03:33:12 info: render time for =311ms
2020-12-24 03:33:20 info: render time for de=83ms
2020-12-24 03:34:33 info: render time for de=90ms
2020-12-24 03:34:34 info: render time for de=62ms
2020-12-24 03:35:15 info: render time for de=96ms
2020-12-24 03:35:32 info: render time for de=136ms
2020-12-24 03:35:38 info: render time for =70ms
2020-12-24 10:01:50 info: render time for =140ms
2020-12-24 10:01:59 info: render time for de=89ms
2020-12-24 10:02:07 info: render time for =81ms
2020-12-24 10:02:14 info: render time for =72ms
2020-12-24 10:02:17 info: render time for =78ms
2020-12-24 10:02:19 info: render time for de=70ms
2020-12-25 05:13:51 info: render time for =337ms
2020-12-25 05:14:00 info: render time for documentation=48ms
2020-12-25 05:14:03 info: render time for examples=106ms
2020-12-25 05:14:06 info: render time for examples/mempad-for-windows=33ms
2020-12-25 05:14:13 info: render time for examples/mempad-for-windows/page=174ms
2020-12-25 05:14:21 info: render time for examples/mempad-for-windows/program=39ms
2020-12-25 05:14:29 info: render time for examples/mempad-for-windows/editing=64ms
2020-12-25 05:14:33 info: render time for examples/mempad-for-windows/editing/links=116ms
2020-12-25 05:15:48 info: render time for examples/mempad-for-windows/editing/links/internet=38ms
2020-12-25 05:16:12 info: render time for examples/mempad-for-windows/editing/links/local=63ms
2020-12-25 05:17:18 info: render time for examples/mempad-for-windows/editing/links/local/insert=36ms
2020-12-25 05:17:33 info: render time for examples/mempad-for-windows/editing/links/internal=75ms
2020-12-26 04:49:13 info: render time for =351ms
2020-12-26 04:49:26 info: render time for de=111ms
2020-12-26 04:50:02 info: render time for =87ms
2020-12-26 04:50:04 info: render time for documentation=102ms
2020-12-26 04:50:16 info: render time for examples=107ms
2020-12-26 05:01:02 info: render time for examples/mempad-for-windows=115ms
2020-12-26 05:01:05 info: render time for examples/mempad-for-windows/editing=105ms
2020-12-26 05:19:26 info: render time for examples/mempad-for-windows/editing=74ms
2020-12-26 05:19:32 info: render time for examples/mempad-for-windows/keyboard-shortcuts=35ms
2020-12-26 05:19:34 info: render time for examples/mempad-for-windows=67ms
2020-12-26 05:19:46 info: render time for examples=70ms
2020-12-26 05:22:38 info: render time for =16ms
2020-12-26 05:22:51 info: render time for site=16ms
2020-12-26 05:23:05 info: render time for [site]=40ms
2020-12-26 05:23:17 info: render time for [site]=113ms
2020-12-26 05:23:17 info: render time for =31ms
2020-12-26 05:23:18 info: render time for =29ms
2020-12-26 05:23:47 info: render time for site=103ms
2020-12-26 05:23:47 info: render time for =33ms
2020-12-26 05:23:47 info: render time for =26ms
2020-12-26 05:24:23 info: render time for site=46ms
2020-12-26 05:24:23 info: render time for =42ms
2020-12-26 05:24:23 info: render time for =30ms
2020-12-26 05:24:39 info: render time for site=32ms
2020-12-26 05:25:33 info: render time for =100ms
2020-12-26 05:25:44 info: render time for de=49ms
2020-12-26 05:25:46 info: render time for =64ms
2020-12-26 05:25:53 info: render time for de=47ms
2020-12-26 05:36:48 info: render time for documentation=83ms
2020-12-26 05:36:52 info: render time for =66ms
2020-12-26 05:36:55 info: render time for de=39ms
2020-12-26 06:49:00 info: render time for examples/mempad-for-windows/editing/links/internal=36ms
2020-12-26 06:49:00 info: render time for =27ms
2020-12-26 06:49:00 info: render time for =25ms
2020-12-26 06:49:01 info: render time for =29ms
2020-12-26 06:49:08 info: render time for =37ms
2020-12-26 06:49:08 info: render time for =30ms
2020-12-26 06:49:08 info: render time for =27ms
2020-12-26 06:49:41 info: render time for =72ms
2020-12-26 06:49:41 info: render time for =30ms
2020-12-26 06:49:41 info: render time for =32ms
2020-12-26 06:51:40 info: render time for =30ms
2020-12-26 06:51:41 info: render time for =25ms
2020-12-26 06:53:41 info: render time for =103ms
2020-12-26 06:53:41 info: render time for =36ms
2020-12-26 07:25:53 info: render time for =104ms
2020-12-26 08:29:30 info: render time for de=72ms
2020-12-26 08:31:51 info: render time for de=48ms
2020-12-26 08:32:26 info: render time for =29ms
2020-12-26 08:39:04 info: render time for =129ms
2020-12-26 08:42:32 info: render time for =32ms
2020-12-26 08:42:50 info: render time for =43ms
2020-12-26 08:43:14 info: render time for =41ms
2020-12-26 08:43:16 info: render time for =30ms
2020-12-26 08:43:23 info: render time for documentation=33ms
2020-12-26 08:43:31 info: render time for examples=22ms
2020-12-26 08:44:07 info: render time for examples=41ms
2020-12-26 08:44:14 info: render time for =19ms
2020-12-26 08:44:16 info: render time for =44ms
2020-12-26 08:44:27 info: render time for de=48ms
2020-12-26 08:44:41 info: render time for de/programm=19ms
2020-12-26 08:44:43 info: render time for de=16ms
2020-12-26 08:44:45 info: render time for =49ms
2020-12-26 08:45:58 info: render time for =80ms
2020-12-26 08:46:03 info: render time for de=44ms
2020-12-26 08:46:34 info: render time for de=70ms
2020-12-26 08:51:01 info: render time for de=48ms
2020-12-26 08:53:51 info: render time for de=47ms
2020-12-26 08:53:53 info: render time for =49ms
2020-12-26 08:53:56 info: render time for =45ms
2020-12-26 08:55:35 info: render time for =71ms
2020-12-26 08:55:36 info: render time for =23ms
2020-12-26 08:56:58 info: render time for =61ms
2020-12-26 08:57:05 info: render time for de=43ms
2020-12-26 08:58:11 info: render time for =45ms
2020-12-26 08:58:18 info: render time for de=42ms
2020-12-26 08:59:50 info: render time for de=47ms
2020-12-26 09:02:07 info: render time for de=85ms
2020-12-26 09:02:17 info: render time for de=51ms
2020-12-26 09:03:45 info: render time for de=70ms
2020-12-26 09:03:53 info: render time for =42ms
2020-12-26 09:03:56 info: render time for de=44ms
2020-12-26 09:04:05 info: render time for de=73ms
2020-12-26 09:04:56 info: render time for de=71ms
2020-12-26 09:05:15 info: render time for de=69ms
2020-12-26 09:09:08 info: render time for de=41ms
2020-12-26 09:09:30 info: render time for de=49ms
2020-12-26 09:10:02 info: render time for de=17ms
2020-12-26 09:12:11 info: render time for =48ms
2020-12-26 09:12:14 info: render time for =43ms
2020-12-26 09:12:16 info: render time for de=21ms
2020-12-26 09:12:19 info: render time for =43ms
2020-12-26 10:52:34 info: render time for =38ms
2020-12-26 10:52:49 info: render time for de=12ms
2020-12-26 10:53:52 info: render time for de=29ms
2020-12-26 10:53:53 info: render time for de=41ms
2020-12-26 10:54:04 info: render time for de=26ms
2020-12-26 10:54:07 info: render time for de=32ms
2020-12-26 10:54:46 info: render time for de=63ms
2020-12-26 10:55:13 info: render time for de=64ms
2020-12-26 11:02:58 info: render time for de=50ms
2020-12-26 11:03:04 info: render time for de=41ms
2020-12-26 11:04:50 info: render time for de=19ms
2020-12-26 11:26:03 info: render time for de=52ms
2020-12-26 11:27:12 info: render time for de=72ms
2020-12-26 11:28:01 info: render time for de=69ms
2020-12-26 11:33:39 info: render time for de/programm=48ms
2020-12-26 11:40:43 info: render time for de/programm=71ms
2020-12-26 11:50:43 info: render time for =18ms
2020-12-26 11:50:49 info: render time for de=38ms
2020-12-26 11:52:25 info: render time for de=49ms
2020-12-26 11:52:37 info: render time for =57ms
2020-12-26 11:52:39 info: render time for de=18ms
2020-12-26 11:52:43 info: render time for de/programm=44ms
2020-12-26 11:53:11 info: render time for de/programm=67ms
2020-12-26 11:53:47 info: render time for de/programm=65ms
2020-12-26 11:54:10 info: render time for =63ms
2020-12-26 11:54:13 info: render time for de=20ms
2020-12-26 11:54:20 info: render time for de/exemples=28ms
2020-12-26 11:54:37 info: render time for de=38ms
2020-12-26 11:55:44 info: render time for de=80ms
2020-12-26 11:55:47 info: render time for de=63ms
2020-12-26 11:55:54 info: render time for de/programm=66ms
2020-12-26 11:56:47 info: render time for de/programm=68ms
2020-12-26 11:59:51 info: render time for de/programm=32ms
2020-12-26 11:59:53 info: render time for de/programm=47ms
2020-12-26 12:00:01 info: render time for documentation=40ms
2020-12-26 12:00:39 info: render time for documentation=64ms
2020-12-26 12:01:29 info: render time for documentation=22ms
2020-12-26 12:01:50 info: render time for documentation=45ms
2020-12-26 12:03:44 info: render time for documentation=67ms
2020-12-26 12:06:36 info: render time for documentation=57ms
2020-12-26 12:06:44 info: render time for documentation/why-another-cms=43ms
2020-12-26 12:07:33 info: render time for documentation/why-another-cms=66ms
2020-12-26 12:07:44 info: render time for documentation/why-another-cms=47ms
2020-12-26 12:07:49 info: render time for documentation=44ms
2020-12-26 12:09:26 info: render time for documentation=55ms
2020-12-26 12:09:29 info: render time for documentation/why-another-cms=19ms
2020-12-26 12:09:34 info: render time for documentation/installation=45ms
2020-12-26 12:09:38 info: render time for documentation/configuration=43ms
2020-12-26 12:09:45 info: render time for documentation/templates=44ms
2020-12-26 12:10:17 info: render time for =42ms
2020-12-26 12:11:00 info: render time for =41ms
2020-12-26 12:11:03 info: render time for =20ms
2020-12-26 12:11:08 info: render time for =41ms
2020-12-26 12:11:10 info: render time for documentation=39ms
2020-12-26 12:11:15 info: render time for examples=16ms
2020-12-26 12:12:12 info: render time for de=21ms
2020-12-26 12:13:29 info: render time for documentation/installation=32ms
2020-12-26 12:14:33 info: render time for =39ms
2020-12-26 12:14:52 info: render time for de=40ms
2020-12-26 12:15:33 info: render time for de=57ms
2020-12-26 12:29:18 info: render time for de/programm=30ms
2020-12-26 12:29:20 info: render time for examples=43ms
2020-12-26 12:29:24 info: render time for documentation=47ms
2020-12-26 12:29:30 info: render time for de=39ms
2020-12-26 12:29:32 info: render time for de/programm=40ms
2020-12-26 12:29:37 info: render time for de=22ms
2020-12-26 12:54:55 info: render time for de=77ms
2020-12-26 12:55:14 info: render time for de=39ms
2020-12-26 12:55:48 info: render time for de=46ms
2020-12-26 01:03:08 info: render time for de=50ms
2020-12-26 01:03:15 info: render time for =42ms
2020-12-26 07:08:58 info: render time for =75ms
2020-12-27 01:37:36 info: render time for =35ms
2020-12-27 01:37:40 info: render time for de=11ms
2020-12-27 02:35:27 info: render time for de=100ms
2020-12-27 02:35:54 info: render time for de=47ms
2020-12-27 02:35:59 info: render time for =40ms
2020-12-27 02:39:54 info: render time for =76ms
2020-12-27 02:39:58 info: render time for =41ms
2020-12-27 02:40:01 info: render time for de=38ms
2020-12-27 02:40:34 info: render time for de=42ms
2020-12-27 03:07:15 info: render time for de=39ms
2020-12-27 03:07:30 info: render time for =46ms
2020-12-27 03:07:38 info: render time for de=20ms
2020-12-27 03:07:42 info: render time for examples=66ms
2020-12-27 03:07:58 info: render time for de=11ms
2020-12-27 03:08:01 info: render time for de/seite=46ms
2020-12-27 03:08:03 info: render time for de/seite/merken=43ms
2020-12-27 03:08:08 info: render time for de/seite=18ms
2020-12-27 03:08:09 info: render time for de/editieren=54ms
2020-12-27 03:08:11 info: render time for de/index=51ms
2020-12-27 03:08:12 info: render time for de/programm=25ms
2020-12-27 03:09:08 info: render time for =17ms
2020-12-27 03:09:19 info: render time for de=58ms
2020-12-27 03:09:24 info: render time for de/programm=25ms
2020-12-27 03:09:34 info: render time for =42ms
2020-12-27 03:10:03 info: render time for =42ms
2020-12-27 03:10:07 info: render time for documentation=28ms
2020-12-27 03:10:11 info: render time for examples=24ms
2020-12-27 03:14:22 info: render time for examples=27ms
2020-12-27 03:14:51 info: render time for examples/mempad-for-windows=16ms
2020-12-27 03:14:54 info: render time for examples/mempad-for-windows=36ms
2020-12-27 03:15:33 info: render time for examples/mempad-for-windows=16ms
2020-12-27 03:15:38 info: render time for examples/mempad-for-windows=43ms
2020-12-27 03:19:17 info: render time for de=52ms
2020-12-27 03:33:58 info: render time for de=32ms
2020-12-27 03:34:03 info: render time for de/mempad-auf-deutsch=47ms
2020-12-27 03:38:54 info: render time for de/mempad-auf-deutsch=43ms
2020-12-27 03:39:04 info: render time for de/mempad-auf-deutsch/programm=20ms
2020-12-27 03:39:06 info: render time for de/mempad-auf-deutsch/programm/einrichtung=16ms
2020-12-27 03:39:55 info: render time for de/mempad-auf-deutsch/programm=18ms
2020-12-27 03:40:01 info: render time for de/mempad-auf-deutsch=22ms
2020-12-27 03:40:14 info: render time for de/mempad-auf-deutsch/programm=17ms
2020-12-27 03:40:17 info: render time for de/mempad-auf-deutsch/index=19ms
2020-12-27 03:40:18 info: render time for de/mempad-auf-deutsch/editieren=18ms
2020-12-27 03:40:20 info: render time for de/mempad-auf-deutsch/seite=21ms
2020-12-27 03:40:25 info: render time for de/mempad-auf-deutsch=15ms
2020-12-27 03:40:26 info: render time for de=14ms
2020-12-27 03:40:53 info: render time for =15ms
2020-12-27 03:40:57 info: render time for =40ms
2020-12-27 03:40:59 info: render time for de=14ms
2020-12-27 03:41:02 info: render time for de=14ms
2020-12-27 03:41:15 info: render time for de/mempad-auf-deutsch/programm=23ms
2020-12-27 03:42:08 info: render time for de=42ms
2020-12-27 03:42:11 info: render time for =36ms
2020-12-27 03:42:15 info: render time for examples=15ms
2020-12-27 09:15:29 info: render time for examples=40ms
2020-12-27 09:15:33 info: render time for examples/mempad-for-windows=39ms
2020-12-27 09:15:36 info: render time for =41ms
2020-12-27 09:15:37 info: render time for documentation=32ms
2020-12-27 09:15:39 info: render time for examples=34ms
2020-12-27 09:17:00 info: render time for de=74ms
2020-12-27 09:17:05 info: render time for de/mempad-auf-deutsch/programm=24ms
2020-12-27 09:17:07 info: render time for de/mempad-auf-deutsch/programm/datenordner=43ms
2020-12-27 09:17:09 info: render time for de/mempad-auf-deutsch/programm/dateigruppen=15ms
2020-12-27 09:17:11 info: render time for de/mempad-auf-deutsch/programm/einrichtung=40ms
2020-12-27 09:17:12 info: render time for de/mempad-auf-deutsch/programm=40ms
2020-12-27 09:40:53 info: render time for de/mempad-auf-deutsch/programm=51ms
2020-12-27 09:40:54 info: render time for de/mempad-auf-deutsch/programm=15ms
2020-12-27 09:40:57 info: render time for de=39ms
2020-12-27 09:41:00 info: render time for de/mempad-auf-deutsch/programm=48ms
2020-12-27 09:41:01 info: render time for de/mempad-auf-deutsch/programm/einrichtung=44ms
2020-12-27 09:41:03 info: render time for de/mempad-auf-deutsch/programm/datenordner=39ms
2020-12-27 09:41:04 info: render time for de/mempad-auf-deutsch/programm/dateigruppen=40ms
2020-12-27 09:41:06 info: render time for de/mempad-auf-deutsch=40ms
2020-12-27 09:41:19 info: render time for =50ms
2020-12-27 09:41:23 info: render time for documentation=34ms
2020-12-27 09:41:31 info: render time for examples=40ms
2020-12-27 09:43:40 info: render time for de=43ms
2020-12-27 09:44:17 info: render time for =21ms
2020-12-27 09:44:28 info: render time for examples=44ms
2020-12-27 09:44:29 info: render time for documentation=41ms
2020-12-27 09:45:17 info: render time for documentation/why-another-cms=37ms
2020-12-27 09:45:41 info: render time for documentation/installation=39ms
2020-12-27 09:45:42 info: render time for documentation/configuration=35ms
2020-12-27 09:45:45 info: render time for documentation/templates=42ms
2020-12-27 02:43:27 info: render time for documentation/templates=210ms
2020-12-27 02:43:31 info: render time for documentation/why-another-cms=42ms
2020-12-27 02:43:32 info: render time for =39ms
2020-12-27 02:44:34 info: render time for =42ms
2020-12-27 02:50:38 info: render time for examples=45ms
2020-12-27 02:50:43 info: render time for =43ms
2020-12-27 02:50:48 info: render time for documentation=37ms
2020-12-27 02:53:14 info: render time for documentation=43ms
2020-12-27 03:18:56 info: render time for examples/paste2markdown=33ms
2020-12-27 03:19:52 info: render time for =123ms
2020-12-27 03:19:55 info: render time for examples=45ms
2020-12-27 03:19:58 info: render time for documentation=36ms
2020-12-27 03:20:00 info: render time for documentation/regex=60ms
2020-12-27 03:24:20 info: render time for documentation/regex=86ms
2020-12-27 03:28:39 info: render time for documentation/why-another-cms=46ms
2020-12-27 03:28:45 info: render time for documentation=40ms
2020-12-27 05:44:32 info: render time for documentation=61ms
2020-12-27 06:30:38 info: render time for documentation/regex=64ms
2020-12-27 06:30:42 info: render time for documentation/why-another-cms=49ms
2020-12-27 06:30:44 info: render time for documentation/installation=51ms
2020-12-27 06:30:51 info: render time for examples=44ms
2020-12-27 06:30:53 info: render time for de=47ms
2020-12-27 06:31:05 info: render time for de/mempad-auf-deutsch/programm=41ms
2020-12-27 06:31:07 info: render time for de/mempad-auf-deutsch/programm/einrichtung=45ms
2020-12-27 07:04:46 info: render time for de/mempad-auf-deutsch/programm/einrichtung=86ms
2020-12-27 07:04:47 info: render time for de/mempad-auf-deutsch/programm/einrichtung=42ms
2020-12-27 07:05:47 info: render time for de/mempad-auf-deutsch/programm/einrichtung=75ms
2020-12-27 07:06:32 info: render time for de/mempad-auf-deutsch/programm/einrichtung=16ms
2020-12-27 07:09:17 info: render time for de/mempad-auf-deutsch/programm/einrichtung=48ms
2020-12-27 07:09:19 info: render time for de/mempad-auf-deutsch/programm/einrichtung=42ms
2020-12-27 07:09:52 info: render time for de/mempad-auf-deutsch/programm/einrichtung=35ms
2020-12-27 07:09:53 info: render time for de/mempad-auf-deutsch/programm/einrichtung=41ms
2020-12-27 07:09:54 info: render time for de/mempad-auf-deutsch/programm/einrichtung=42ms
2020-12-27 07:10:05 info: render time for de/mempad-auf-deutsch/programm/einrichtung=36ms
2020-12-27 07:14:11 info: render time for de/mempad-auf-deutsch/programm/einrichtung=48ms
2020-12-27 07:20:40 info: render time for de/mempad-auf-deutsch/programm/einrichtung=87ms
2020-12-27 07:27:10 info: render time for de/mempad-auf-deutsch/programm/einrichtung=81ms
2020-12-27 07:27:19 info: render time for =51ms
2020-12-27 07:27:24 info: render time for =18ms
2020-12-27 07:27:25 info: render time for documentation=19ms
2020-12-27 07:31:04 info: render time for documentation=89ms
2020-12-27 07:32:14 info: render time for documentation=51ms
2020-12-27 07:33:15 info: render time for documentation=43ms
2020-12-28 04:11:41 info: render time for documentation=103ms
2020-12-28 04:11:44 info: render time for documentation=47ms
2020-12-28 04:11:46 info: render time for documentation/configuration=46ms
2020-12-28 04:12:57 info: render time for documentation/configuration=69ms
2020-12-28 05:33:14 info: render time for =88ms
2020-12-28 05:33:39 info: render time for =45ms
2020-12-28 05:52:10 info: render time for =43ms
2020-12-28 08:22:08 info: render time for documentation/configuration=49ms
2020-12-28 08:22:17 info: render time for =56ms
2020-12-28 08:22:28 info: render time for documentation=39ms
2020-12-28 08:41:02 info: render time for documentation=115ms
2020-12-28 08:41:08 info: render time for =37ms
2020-12-28 08:42:28 info: render time for =42ms
2020-12-28 08:42:31 info: render time for =48ms
2020-12-28 08:42:33 info: render time for documentation=48ms
2020-12-28 08:50:23 info: render time for documentation=54ms
2020-12-28 08:51:47 info: render time for documentation=69ms
2020-12-28 08:51:54 info: render time for de=44ms
2020-12-28 08:51:57 info: render time for de/mempad-auf-deutsch/programm=51ms
2020-12-28 08:57:07 info: render time for de/mempad-auf-deutsch/programm=77ms
2020-12-28 08:57:22 info: render time for de/mempad-auf-deutsch/programm/einrichtung=48ms
2020-12-28 08:57:24 info: render time for de/mempad-auf-deutsch/programm/datenordner=46ms
2020-12-28 08:57:25 info: render time for de/mempad-auf-deutsch/programm/ini-dateien=42ms
2020-12-28 08:57:27 info: render time for de/mempad-auf-deutsch/programm/instanzen=43ms
2020-12-28 08:57:28 info: render time for de/mempad-auf-deutsch/programm/hotkey=48ms
2020-12-28 08:57:30 info: render time for de/mempad-auf-deutsch/index=42ms
2020-12-28 08:57:33 info: render time for =44ms
2020-12-28 08:57:35 info: render time for documentation=42ms
2020-12-28 08:57:37 info: render time for documentation/regex=51ms
2020-12-28 09:01:26 info: render time for =38ms
2020-12-28 09:01:29 info: render time for documentation=46ms
2020-12-28 09:01:53 info: render time for de=43ms
2020-12-28 09:01:56 info: render time for =47ms
2020-12-28 09:02:03 info: render time for documentation=40ms
2020-12-28 09:03:25 info: render time for documentation=61ms
2020-12-28 09:03:30 info: render time for de=49ms
2020-12-28 09:03:32 info: render time for de/mempad-auf-deutsch/einstellungen=46ms
2020-12-28 09:03:35 info: render time for =46ms
2020-12-28 09:04:40 info: render time for =42ms
2020-12-28 09:04:43 info: render time for documentation=47ms
2020-12-28 09:04:46 info: render time for de=40ms
2020-12-28 09:04:48 info: render time for de/mempad-auf-deutsch/index=45ms
2020-12-28 09:04:51 info: render time for de/mempad-auf-deutsch/programm=47ms
2020-12-28 09:04:53 info: render time for de/mempad-auf-deutsch/programm/datenordner=41ms
2020-12-28 09:07:20 info: render time for de/mempad-auf-deutsch/programm/datenordner=51ms
2020-12-28 09:08:26 info: render time for de/mempad-auf-deutsch/programm/datenordner=57ms
2020-12-28 09:10:47 info: render time for de/mempad-auf-deutsch/programm/datenordner=48ms
2020-12-28 09:10:51 info: render time for de/mempad-auf-deutsch/programm/datenordner=47ms
2020-12-28 09:10:53 info: render time for =32ms
2020-12-28 09:11:31 info: render time for de=42ms
2020-12-28 09:11:33 info: render time for =49ms
2020-12-28 12:05:52 info: render time for =360ms
2020-12-28 12:28:51 info: render time for =58ms
2020-12-28 12:28:51 info: render time for css/main.min.css=20ms
2020-12-28 12:28:52 info: render time for js/jquery-3.5.1.min.js=40ms
2020-12-28 12:28:52 info: render time for js/mermaid.min.js=21ms
2020-12-28 12:28:52 info: render time for js/main.min.js=26ms
2020-12-28 12:28:52 info: render time for js/popper.min.js=27ms
2020-12-28 12:28:52 info: render time for js/bootstrap.min.js=28ms
2020-12-28 12:28:52 info: render time for js/bootstrap.min.js=12ms
2020-12-28 12:28:52 info: render time for js/mermaid.min.js=13ms
2020-12-28 12:28:53 info: render time for js/main.min.js=13ms
2020-12-28 12:52:18 info: render time for =28ms
2020-12-28 12:52:18 info: render time for asset/css/main.min.css=20ms
2020-12-28 12:52:19 info: render time for js/main.min.js=62ms
2020-12-28 12:52:19 info: render time for js/jquery-3.5.1.min.js=21ms
2020-12-28 12:52:19 info: render time for js/mermaid.min.js=23ms
2020-12-28 12:52:19 info: render time for js/popper.min.js=18ms
2020-12-28 12:52:19 info: render time for js/bootstrap.min.js=20ms
2020-12-28 12:52:20 info: render time for js/popper.min.js=13ms
2020-12-28 12:52:20 info: render time for js/bootstrap.min.js=12ms
2020-12-28 12:52:20 info: render time for js/mermaid.min.js=12ms
2020-12-28 12:52:20 info: render time for js/main.min.js=12ms
2020-12-28 12:52:23 info: render time for =37ms
2020-12-28 12:52:23 info: render time for asset/css/main.min.css=53ms
2020-12-28 12:52:23 info: render time for js/popper.min.js=50ms
2020-12-28 12:52:23 info: render time for js/jquery-3.5.1.min.js=52ms
2020-12-28 12:52:23 info: render time for js/bootstrap.min.js=49ms
2020-12-28 12:52:23 info: render time for js/main.min.js=52ms
2020-12-28 12:52:23 info: render time for js/popper.min.js=14ms
2020-12-28 12:52:23 info: render time for js/bootstrap.min.js=13ms
2020-12-28 12:52:24 info: render time for js/mermaid.min.js=38ms
2020-12-28 12:52:24 info: render time for js/main.min.js=36ms
2020-12-28 12:53:03 info: render time for =40ms
2020-12-28 12:53:06 info: render time for =39ms
2020-12-28 12:53:18 info: render time for =40ms
2020-12-28 12:55:32 info: render time for =47ms
2020-12-28 12:55:32 info: render time for asset/docsy/js/mermaid.min.js=36ms
2020-12-28 12:55:32 info: render time for asset/docsy/js/mermaid.min.js=13ms
2020-12-28 12:55:34 info: render time for asset/docsy/js/popper.min.js.map=12ms
2020-12-28 12:55:34 info: render time for asset/docsy/js/bootstrap.min.js.map=19ms
2020-12-28 12:57:00 info: render time for =43ms
2020-12-28 12:57:01 info: render time for asset/docsy/js/mermaid.min.js=49ms
2020-12-28 12:57:01 info: render time for asset/docsy/js/mermaid.min.js=17ms
2020-12-28 12:57:01 info: render time for asset/docsy/js/popper.min.js.map=20ms
2020-12-28 12:57:01 info: render time for asset/docsy/js/bootstrap.min.js.map=24ms
2020-12-28 01:00:12 info: render time for =46ms
2020-12-28 01:00:12 info: render time for asset/docsy/js/mermaid.min.js=30ms
2020-12-28 01:00:12 info: render time for asset/docsy/js/mermaid.min.js=13ms
2020-12-28 01:00:12 info: render time for asset/docsy/js/popper.min.js.map=16ms
2020-12-28 01:00:12 info: render time for asset/docsy/js/bootstrap.min.js.map=16ms
2020-12-28 01:00:59 info: render time for =82ms
2020-12-28 01:01:00 info: render time for asset/docsy/js/bootstrap.min.js.map=17ms
2020-12-28 01:01:00 info: render time for asset/docsy/js/popper.min.js.map=20ms
2020-12-28 01:01:41 info: render time for =36ms
2020-12-28 01:01:41 info: render time for asset/docsy/js/bootstrap.min.js.map=17ms
2020-12-28 01:01:41 info: render time for asset/docsy/js/popper.min.js.map=18ms
2020-12-28 01:03:14 info: render time for =61ms
2020-12-28 01:04:52 info: render time for =66ms
2020-12-28 01:05:18 info: render time for =60ms
2020-12-28 01:06:24 info: render time for =75ms
2020-12-28 01:07:00 info: render time for =68ms
2020-12-28 01:07:25 info: render time for =66ms
2020-12-28 01:07:43 info: render time for asset/docsy/js/popper.min.js.map=17ms
2020-12-28 01:07:43 info: render time for asset/docsy/js/bootstrap.min.js.map=17ms
2020-12-28 01:11:25 info: render time for asset/docsy/js/popper.min.js.map=25ms
2020-12-28 01:11:25 info: render time for asset/docsy/js/bootstrap.min.js.map=25ms
2020-12-28 01:13:29 info: render time for =19ms
2020-12-28 01:13:29 info: render time for asset/docsy/js/popper.min.js.map=22ms
2020-12-28 01:13:29 info: render time for asset/docsy/js/bootstrap.min.js.map=24ms
2020-12-28 01:13:31 info: render time for =43ms
2020-12-28 01:13:32 info: render time for asset/docsy/js/popper.min.js.map=39ms
2020-12-28 01:13:32 info: render time for asset/docsy/js/bootstrap.min.js.map=15ms
2020-12-28 01:15:43 info: render time for =45ms
2020-12-28 01:15:43 info: render time for asset/docsy/js/popper.min.js.map=16ms
2020-12-28 01:15:43 info: render time for asset/docsy/js/bootstrap.min.js.map=20ms
2020-12-28 01:21:23 info: render time for =55ms
2020-12-28 02:45:46 info: render time for documentation=44ms
2020-12-28 02:45:46 info: render time for asset/styles.css=27ms
2020-12-28 02:50:03 info: render time for documentation=76ms
2020-12-28 02:50:05 info: render time for documentation=43ms
2020-12-28 02:50:25 info: render time for documentation=45ms
2020-12-28 02:51:04 info: render time for documentation=76ms
2020-12-28 02:51:05 info: render time for asset/docsy/js/popper.min.js.map=22ms
2020-12-28 02:51:05 info: render time for asset/docsy/js/bootstrap.min.js.map=26ms
2020-12-28 03:15:52 info: render time for documentation=67ms
2020-12-28 03:18:37 info: render time for documentation=102ms
2020-12-28 03:19:54 info: render time for documentation=70ms
2020-12-28 03:20:00 info: render time for documentation=47ms
2020-12-28 03:23:40 info: render time for documentation=73ms
2020-12-28 03:26:01 info: render time for documentation=78ms
2020-12-28 03:26:43 info: render time for documentation=61ms
2020-12-28 03:26:45 info: render time for documentation=39ms
2020-12-28 03:27:28 info: render time for documentation=67ms
2020-12-28 03:28:43 info: render time for documentation=62ms
2020-12-28 03:28:45 info: render time for documentation=34ms
2020-12-28 03:28:46 info: render time for documentation=41ms
2020-12-28 03:29:29 info: render time for documentation=73ms
2020-12-28 03:30:10 info: render time for documentation=71ms
2020-12-28 03:30:26 info: render time for documentation=68ms
2020-12-28 03:30:29 info: render time for documentation=39ms
2020-12-28 03:30:53 info: render time for documentation=54ms
2020-12-28 03:33:33 info: render time for documentation=62ms
2020-12-28 03:33:35 info: render time for examples=73ms
2020-12-28 03:33:40 info: render time for documentation=35ms
2020-12-28 05:18:11 info: render time for =104ms
2020-12-28 05:20:23 info: render time for =56ms
2020-12-28 05:20:43 info: render time for documentation=72ms
2020-12-28 05:20:47 info: render time for de=40ms
2020-12-28 05:20:51 info: render time for =51ms
2020-12-28 05:20:53 info: render time for documentation=42ms
2020-12-28 05:24:23 info: render time for documentation=77ms
2020-12-28 05:24:40 info: render time for documentation=75ms
2020-12-28 05:31:16 info: render time for =50ms
2020-12-28 05:31:18 info: render time for documentation=17ms
2020-12-28 05:31:29 info: render time for asset/docsy/js/bootstrap.min.js.map=20ms
2020-12-28 05:31:29 info: render time for asset/docsy/js/popper.min.js.map=22ms
2020-12-28 05:31:41 info: render time for documentation=40ms
2020-12-28 05:31:41 info: render time for asset/docsy/js/bootstrap.min.js.map=19ms
2020-12-28 05:31:41 info: render time for asset/docsy/js/popper.min.js.map=19ms
2020-12-28 05:31:55 info: render time for =41ms
2020-12-28 05:32:30 info: render time for documentation=46ms
2020-12-28 05:32:31 info: render time for asset/docsy/js/popper.min.js.map=28ms
2020-12-28 05:32:31 info: render time for asset/docsy/js/bootstrap.min.js.map=28ms
2020-12-28 05:37:51 info: render time for asset/docsy/js/popper.min.js.map=24ms
2020-12-28 05:37:51 info: render time for asset/docsy/js/bootstrap.min.js.map=27ms
2020-12-28 05:37:59 info: render time for documentation=75ms
2020-12-28 05:37:59 info: render time for asset/docsy/js/popper.min.js.map=16ms
2020-12-28 05:37:59 info: render time for asset/docsy/js/bootstrap.min.js.map=15ms
2020-12-28 05:38:35 info: render time for documentation=57ms
2020-12-28 05:38:35 info: render time for asset/docsy/js/popper.min.js.map=24ms
2020-12-28 05:38:35 info: render time for asset/docsy/js/bootstrap.min.js.map=24ms
2020-12-28 05:39:50 info: render time for documentation=66ms
2020-12-28 05:39:51 info: render time for asset/docsy/js/bootstrap.min.js.map=21ms
2020-12-28 05:39:51 info: render time for asset/docsy/js/popper.min.js.map=24ms
2020-12-28 05:39:53 info: render time for documentation=45ms
2020-12-28 05:39:53 info: render time for asset/docsy/js/popper.min.js.map=53ms
2020-12-28 05:39:53 info: render time for asset/docsy/js/bootstrap.min.js.map=28ms
2020-12-28 05:55:12 info: render time for asset/docsy/js/popper.min.js.map=20ms
2020-12-28 05:55:12 info: render time for asset/docsy/js/bootstrap.min.js.map=22ms
2020-12-28 06:03:10 info: render time for =20ms
2020-12-28 06:03:13 info: render time for documentation=46ms
2020-12-29 03:28:51 info: render time for =172ms
2020-12-29 03:29:34 info: render time for =53ms
2020-12-29 03:29:38 info: render time for documentation=45ms
2020-12-29 03:29:47 info: render time for de=62ms
2020-12-29 03:29:51 info: render time for de/mempad-auf-deutsch/programm=64ms
2020-12-29 03:33:14 info: render time for de/programm=51ms
2020-12-29 03:33:20 info: render time for =46ms
2020-12-29 03:33:23 info: render time for documentation=43ms
2020-12-29 03:39:37 info: render time for documentation=43ms
2020-12-29 03:41:35 info: render time for documentation=43ms
2020-12-29 03:58:14 info: render time for documentation=43ms
2020-12-29 04:00:50 info: render time for documentation=50ms
2020-12-29 04:00:55 info: render time for =44ms
2020-12-29 04:01:00 info: render time for de=48ms
2020-12-29 04:01:02 info: render time for de/mempad-auf-deutsch/programm=46ms
2020-12-29 04:01:05 info: render time for de/mempad-auf-deutsch/programm/einrichtung=43ms
2020-12-29 04:06:52 info: render time for de/mempad-auf-deutsch/programm/einrichtung=121ms
2020-12-29 04:07:16 info: render time for =71ms
2020-12-29 04:07:27 info: render time for =61ms
2020-12-29 04:07:30 info: render time for =66ms
2020-12-29 04:07:53 info: render time for =57ms
2020-12-29 04:07:58 info: render time for documentation=43ms
2020-12-29 04:08:03 info: render time for examples=42ms
2020-12-29 04:09:37 info: render time for =49ms
2020-12-29 04:09:56 info: render time for =47ms
2020-12-29 04:10:01 info: render time for =34ms
2020-12-29 04:10:08 info: render time for examples=40ms
2020-12-29 04:10:11 info: render time for =40ms
2020-12-29 04:22:58 info: render time for =42ms
2020-12-29 04:25:03 info: render time for =43ms
2020-12-29 04:27:00 info: render time for =54ms
2020-12-29 04:27:09 info: render time for examples=50ms
2020-12-29 04:27:18 info: render time for =51ms
2020-12-29 04:27:20 info: render time for =44ms
2020-12-29 04:27:25 info: render time for de=54ms
2020-12-29 04:27:53 info: render time for de=123ms
2020-12-29 04:28:42 info: render time for de=50ms
2020-12-29 04:28:55 info: render time for =40ms
2020-12-29 04:28:59 info: render time for examples=42ms
2020-12-29 04:29:08 info: render time for =44ms
2020-12-29 04:29:11 info: render time for =44ms
2020-12-29 04:30:06 info: render time for =32ms
2020-12-29 06:02:39 info: render time for =63ms
2020-12-29 06:02:51 info: render time for =47ms
2020-12-29 06:02:54 info: render time for =44ms
2020-12-29 06:02:55 info: render time for documentation=55ms
2020-12-29 06:02:57 info: render time for examples=42ms
2020-12-29 06:03:00 info: render time for examples/mempad-for-windows=45ms
2020-12-29 06:03:02 info: render time for examples/the-picture-of-dorian-gray=106ms
2020-12-29 06:04:14 info: render time for examples/the-picture-of-dorian-gray=129ms
2020-12-29 06:04:20 info: render time for de=45ms
2020-12-29 06:21:42 info: render time for de/mempad-auf-deutsch/programm=56ms
2020-12-29 06:22:14 info: render time for de/mempad-auf-deutsch/programm/dateigruppen=44ms
2020-12-29 06:22:18 info: render time for de=45ms
2020-12-29 07:09:10 info: render time for de=35ms
2020-12-29 07:09:24 info: render time for =25ms
2020-12-29 07:10:13 info: render time for =49ms
2020-12-29 07:10:20 info: render time for de=20ms
2020-12-29 07:11:12 info: render time for de=48ms
2020-12-29 07:12:02 info: render time for de=42ms
2020-12-29 07:12:33 info: render time for de=45ms
2020-12-29 07:12:38 info: render time for de=41ms
2020-12-29 07:13:38 info: render time for de=46ms
2020-12-29 07:13:43 info: render time for de=42ms
2020-12-29 07:13:57 info: render time for de/mempad-auf-deutsch/programm=105ms
2020-12-29 07:23:09 info: render time for de/mempad-auf-deutsch/programm=107ms
2020-12-29 07:23:13 info: render time for =42ms
2020-12-29 07:23:16 info: render time for documentation=47ms
2020-12-29 07:23:18 info: render time for =38ms
2020-12-29 07:23:19 info: render time for examples=42ms
2020-12-29 07:23:22 info: render time for de=45ms
2020-12-29 07:23:27 info: render time for de/mempad-auf-deutsch/programm=111ms
2020-12-29 07:26:14 info: render time for de/mempad-auf-deutsch/programm=48ms
2020-12-29 07:26:22 info: render time for de=18ms
2020-12-29 07:26:27 info: render time for de/mempad-auf-deutsch/programm=47ms
2020-12-29 07:26:29 info: render time for de/mempad-auf-deutsch/programm/einrichtung=44ms
2020-12-29 07:26:36 info: render time for =43ms
2020-12-29 07:26:40 info: render time for =39ms
2020-12-29 07:26:45 info: render time for =43ms
2020-12-29 07:28:37 info: render time for =46ms
2020-12-29 07:30:01 info: render time for =44ms
2020-12-29 07:30:05 info: render time for =43ms
2020-12-29 07:30:06 info: render time for de=50ms
2020-12-29 07:30:10 info: render time for de/mempad-auf-deutsch/programm=45ms
2020-12-29 07:31:06 info: render time for de/programm=21ms
2020-12-29 07:31:21 info: render time for de/programm=20ms
2020-12-29 07:31:38 info: render time for de/programmmmmm=42ms
2020-12-29 07:31:43 info: render time for =48ms
2020-12-29 07:32:34 info: render time for =42ms
2020-12-29 07:32:36 info: render time for =47ms
2020-12-29 07:32:38 info: render time for documentation=38ms
2020-12-29 07:33:53 info: render time for documentation=62ms
2020-12-29 07:34:02 info: render time for examples=39ms
2020-12-29 07:34:05 info: render time for documentation=41ms
2020-12-29 07:45:27 info: render time for =51ms
2020-12-29 07:45:45 info: render time for =41ms
2020-12-29 07:45:47 info: render time for =43ms
2020-12-29 07:46:21 info: render time for =40ms
2020-12-29 07:46:24 info: render time for =45ms
2020-12-29 07:46:54 info: render time for =40ms
2020-12-29 07:48:00 info: render time for =17ms
2020-12-29 07:48:05 info: render time for =47ms
2020-12-29 07:48:07 info: render time for =43ms
2020-12-29 07:48:13 info: render time for =41ms
2020-12-29 07:48:16 info: render time for documentation=67ms
2020-12-29 07:48:32 info: render time for =37ms
2020-12-29 07:48:33 info: render time for documentation=43ms
2020-12-29 08:15:52 info: render time for documentation=62ms
2020-12-29 08:16:34 info: render time for documentation=64ms
2020-12-29 08:16:36 info: render time for documentation=37ms
2020-12-29 08:16:37 info: render time for documentation=42ms
2020-12-29 08:16:42 info: render time for documentation/regex=47ms
2020-12-29 08:17:33 info: render time for documentation/regex=37ms
2020-12-29 08:20:41 info: render time for documentation/regex=61ms
2020-12-29 08:26:51 info: render time for documentation/regex=70ms
2020-12-29 08:27:24 info: render time for documentation/regex=61ms
2020-12-29 08:46:42 info: render time for documentation/regex=20ms
2020-12-29 08:46:49 info: render time for documentation/regex=25ms
2020-12-29 08:46:54 info: render time for documentation=42ms
2020-12-29 08:46:59 info: render time for documentation/why-another-cms=37ms
2020-12-29 08:47:19 info: render time for documentation/why-another-cms=52ms
2020-12-29 08:47:25 info: render time for documentation/installation=45ms
2020-12-29 09:07:31 info: render time for docs=42ms
2020-12-29 09:08:07 info: render time for documentation/why-another-cms=36ms
2020-12-29 05:53:43 info: render time for asset/docsy/js/bootstrap.min.js.map=23ms
2020-12-29 05:53:44 info: render time for asset/docsy/js/popper.min.js.map=36ms
2020-12-29 05:53:49 info: render time for documentation=48ms
2020-12-29 05:53:50 info: render time for asset/docsy/js/popper.min.js.map=15ms
2020-12-29 05:53:50 info: render time for asset/docsy/js/bootstrap.min.js.map=19ms
2020-12-29 06:11:01 info: render time for documentation=68ms
2020-12-29 06:11:02 info: render time for asset/docsy/js/bootstrap.min.js.map=20ms
2020-12-29 06:11:03 info: render time for asset/docsy/js/popper.min.js.map=39ms
2020-12-29 06:11:17 info: render time for documentation/why-another-cms=43ms
2020-12-29 06:11:17 info: render time for asset/docsy/js/popper.min.js.map=24ms
2020-12-29 06:11:18 info: render time for asset/docsy/js/bootstrap.min.js.map=36ms
2020-12-29 06:11:21 info: render time for documentation/installation=41ms
2020-12-29 06:11:21 info: render time for asset/docsy/js/popper.min.js.map=18ms
2020-12-29 06:11:22 info: render time for asset/docsy/js/bootstrap.min.js.map=37ms
2020-12-29 06:11:24 info: render time for examples/mempad-for-windows/program=38ms
2020-12-29 06:11:32 info: render time for asset/docsy/js/popper.min.js.map=18ms
2020-12-29 06:11:33 info: render time for asset/docsy/js/bootstrap.min.js.map=45ms
2020-12-29 06:12:03 info: render time for documentation/installation=75ms
2020-12-29 06:12:04 info: render time for asset/docsy/js/popper.min.js.map=21ms
2020-12-29 06:12:05 info: render time for asset/docsy/js/bootstrap.min.js.map=37ms
2020-12-29 06:12:07 info: render time for =45ms
2020-12-29 06:12:07 info: render time for asset/docsy/js/popper.min.js.map=24ms
2020-12-29 06:12:08 info: render time for asset/docsy/js/bootstrap.min.js.map=36ms
2020-12-29 06:12:12 info: render time for examples/mempad-for-windows/program/data-folder=39ms
2020-12-29 06:12:13 info: render time for asset/docsy/js/popper.min.js.map=20ms
2020-12-29 06:12:14 info: render time for asset/docsy/js/bootstrap.min.js.map=33ms
2020-12-30 05:09:07 info: render time for examples/mempad-for-windows/program/data-folder=60ms
2020-12-30 05:09:08 info: render time for asset/docsy/js/popper.min.js.map=54ms
2020-12-30 05:09:09 info: render time for asset/docsy/js/bootstrap.min.js.map=41ms
2020-12-30 05:09:43 info: render time for examples/mempad-for-windows/program/data-folder=41ms
2020-12-30 05:09:43 info: render time for asset/docsy/js/popper.min.js.map=19ms
2020-12-30 05:09:44 info: render time for asset/docsy/js/bootstrap.min.js.map=41ms
2020-12-30 05:09:54 info: render time for examples/mempad-for-windows/program/installation=41ms
2020-12-30 05:09:55 info: render time for asset/docsy/js/popper.min.js.map=19ms
2020-12-30 05:09:56 info: render time for asset/docsy/js/bootstrap.min.js.map=35ms
2020-12-30 05:12:47 info: render time for examples/mempad-for-windows/program/installation=50ms
2020-12-30 05:12:48 info: render time for asset/docsy/js/popper.min.js.map=22ms
2020-12-30 05:12:49 info: render time for asset/docsy/js/bootstrap.min.js.map=36ms
2020-12-30 05:13:06 info: render time for examples/mempad-for-windows/program/installation=48ms
2020-12-30 05:13:07 info: render time for asset/docsy/js/popper.min.js.map=23ms
2020-12-30 05:13:08 info: render time for asset/docsy/js/bootstrap.min.js.map=40ms
2020-12-30 05:13:36 info: render time for examples/mempad-for-windows/program/installation/plop=39ms
2020-12-30 05:13:36 info: render time for asset/docsy/js/popper.min.js.map=25ms
2020-12-30 05:13:37 info: render time for asset/docsy/js/bootstrap.min.js.map=39ms
2020-12-30 05:31:58 info: render time for examples/mempad-for-windows/program/installation/plop=43ms
2020-12-30 05:31:59 info: render time for asset/docsy/js/popper.min.js.map=20ms
2020-12-30 05:32:00 info: render time for asset/docsy/js/bootstrap.min.js.map=36ms
2020-12-30 05:32:57 info: render time for examples/mempad-for-windows/program/installation/plop=69ms
2020-12-30 05:32:58 info: render time for asset/docsy/js/popper.min.js.map=15ms
2020-12-30 05:32:59 info: render time for asset/docsy/js/bootstrap.min.js.map=40ms
2020-12-30 05:35:25 info: render time for asset/docsy/js/popper.min.js.map=20ms
2020-12-30 05:35:26 info: render time for asset/docsy/js/bootstrap.min.js.map=37ms
2020-12-30 05:35:28 info: render time for examples/mempad-for-windows/program/data-folder=44ms
2020-12-30 05:35:29 info: render time for asset/docsy/js/popper.min.js.map=52ms
2020-12-30 05:35:30 info: render time for asset/docsy/js/bootstrap.min.js.map=39ms
2020-12-30 05:40:55 info: render time for asset/docsy/js/popper.min.js.map=21ms
2020-12-30 05:40:56 info: render time for asset/docsy/js/bootstrap.min.js.map=37ms
2020-12-30 05:42:07 info: render time for examples/mempad-for-windows/program/data-folder=79ms
2020-12-30 05:42:30 info: render time for documentation=45ms
2020-12-30 05:42:30 info: render time for asset/docsy/js/popper.min.js.map=28ms
2020-12-30 05:42:31 info: render time for asset/docsy/js/bootstrap.min.js.map=39ms
2020-12-30 05:42:37 info: render time for documentation/regex=49ms
2020-12-30 05:42:38 info: render time for asset/docsy/js/popper.min.js.map=15ms
2020-12-30 05:42:39 info: render time for asset/docsy/js/bootstrap.min.js.map=38ms
2020-12-30 05:45:48 info: render time for =50ms
2020-12-30 05:45:56 info: render time for documentation=51ms
2020-12-30 05:45:57 info: render time for asset/docsy/js/popper.min.js.map=19ms
2020-12-30 05:45:58 info: render time for asset/docsy/js/bootstrap.min.js.map=37ms
2020-12-30 05:46:00 info: render time for examples=40ms
2020-12-30 05:46:03 info: render time for examples/mempad-for-windows=45ms
2020-12-30 05:46:06 info: render time for examples/mempad-for-windows=42ms
2020-12-30 05:46:24 info: render time for documentation=45ms
2020-12-30 05:46:24 info: render time for asset/docsy/js/popper.min.js.map=17ms
2020-12-30 05:46:25 info: render time for asset/docsy/js/bootstrap.min.js.map=46ms
2020-12-30 05:46:28 info: render time for documentation/regex=46ms
2020-12-30 05:46:29 info: render time for asset/docsy/js/popper.min.js.map=15ms
2020-12-30 05:46:30 info: render time for asset/docsy/js/bootstrap.min.js.map=39ms
2020-12-30 05:47:32 info: render time for =42ms
2020-12-30 05:54:29 info: render time for examples=53ms
2020-12-30 05:54:53 info: render time for examples=49ms
2020-12-30 05:54:59 info: render time for examples/mempad-for-windows=48ms
2020-12-30 05:56:29 info: render time for examples/mempad-for-windows=45ms
2020-12-30 05:56:35 info: render time for documentation=52ms
2020-12-30 05:56:35 info: render time for asset/docsy/js/popper.min.js.map=27ms
2020-12-30 05:56:36 info: render time for asset/docsy/js/bootstrap.min.js.map=39ms
2020-12-30 05:57:01 info: render time for documentation=41ms
2020-12-30 05:57:01 info: render time for asset/docsy/js/popper.min.js.map=20ms
2020-12-30 05:57:02 info: render time for asset/docsy/js/bootstrap.min.js.map=36ms
2020-12-30 05:57:07 info: render time for documentation/regex=44ms
2020-12-30 05:57:08 info: render time for asset/docsy/js/bootstrap.min.js.map=15ms
2020-12-30 05:57:09 info: render time for asset/docsy/js/popper.min.js.map=38ms
2020-12-30 05:57:11 info: render time for documentation=42ms
2020-12-30 05:57:11 info: render time for asset/docsy/js/popper.min.js.map=15ms
2020-12-30 05:57:12 info: render time for asset/docsy/js/bootstrap.min.js.map=36ms
2020-12-30 05:57:15 info: render time for examples=41ms
2020-12-30 05:57:18 info: render time for examples/mempad-for-windows=47ms
2020-12-30 06:09:42 info: render time for documentation=52ms
2020-12-30 06:09:42 info: render time for asset/docsy/js/popper.min.js.map=23ms
2020-12-30 06:09:43 info: render time for asset/docsy/js/bootstrap.min.js.map=36ms
2020-12-30 06:12:18 info: render time for documentation=44ms
2020-12-30 06:12:19 info: render time for asset/docsy/js/popper.min.js.map=23ms
2020-12-30 06:12:20 info: render time for asset/docsy/js/bootstrap.min.js.map=43ms
2020-12-30 07:12:41 info: render time for documentation=47ms
2020-12-30 07:12:49 info: render time for documentation=41ms
2020-12-30 07:12:50 info: render time for asset/docsy/js/popper.min.js.map=26ms
2020-12-30 07:12:51 info: render time for asset/docsy/js/bootstrap.min.js.map=40ms
2020-12-30 07:14:25 info: render time for documentation=50ms
2020-12-30 07:14:25 info: render time for asset/docsy/js/popper.min.js.map=14ms
2020-12-30 07:14:26 info: render time for asset/docsy/js/bootstrap.min.js.map=56ms
2020-12-30 07:17:29 info: render time for documentation=21ms
2020-12-30 07:17:29 info: render time for asset/docsy/js/popper.min.js.map=18ms
2020-12-30 07:17:30 info: render time for asset/docsy/js/bootstrap.min.js.map=39ms
2020-12-30 07:57:35 info: render time for documentation=82ms
2020-12-30 07:57:36 info: render time for asset/docsy/js/popper.min.js.map=19ms
2020-12-30 07:57:37 info: render time for asset/docsy/js/bootstrap.min.js.map=41ms
2020-12-30 08:21:37 info: render time for documentation=45ms
2020-12-30 08:21:40 info: render time for asset/docsy/js/popper.min.js.map=21ms
2020-12-30 08:21:41 info: render time for asset/docsy/js/bootstrap.min.js.map=41ms
2020-12-30 08:22:36 info: render time for documentation=42ms
2020-12-30 08:22:38 info: render time for asset/docsy/js/bootstrap.min.js.map=27ms
2020-12-30 08:22:39 info: render time for asset/docsy/js/popper.min.js.map=36ms
2020-12-30 08:23:13 info: render time for documentation=45ms
2020-12-30 08:23:16 info: render time for asset/docsy/js/popper.min.js.map=15ms
2020-12-30 08:23:17 info: render time for asset/docsy/js/bootstrap.min.js.map=46ms
2020-12-30 08:33:37 info: render time for documentation=49ms
2020-12-30 08:33:39 info: render time for asset/docsy/js/popper.min.js.map=25ms
2020-12-30 08:33:40 info: render time for asset/docsy/js/bootstrap.min.js.map=36ms
2020-12-30 08:33:53 info: render time for examples=42ms
2020-12-30 08:33:55 info: render time for documentation=48ms
2020-12-30 08:33:58 info: render time for asset/docsy/js/bootstrap.min.js.map=27ms
2020-12-30 08:33:59 info: render time for asset/docsy/js/popper.min.js.map=45ms
2020-12-30 08:34:01 info: render time for documentation/installation=45ms
2020-12-30 08:34:04 info: render time for asset/docsy/js/popper.min.js.map=24ms
2020-12-30 08:34:05 info: render time for asset/docsy/js/bootstrap.min.js.map=39ms
2020-12-30 08:49:51 info: render time for documentation/installation=60ms
2020-12-30 08:49:54 info: render time for asset/docsy/js/popper.min.js.map=27ms
2020-12-30 08:49:55 info: render time for asset/docsy/js/bootstrap.min.js.map=37ms
2020-12-30 08:50:34 info: render time for de=67ms
2020-12-30 08:50:37 info: render time for asset/docsy/js/popper.min.js.map=19ms
2020-12-30 08:50:38 info: render time for asset/docsy/js/bootstrap.min.js.map=37ms
2020-12-30 08:50:54 info: render time for de/programm=43ms
2020-12-30 08:50:57 info: render time for asset/docsy/js/popper.min.js.map=23ms
2020-12-30 08:50:58 info: render time for asset/docsy/js/bootstrap.min.js.map=37ms
2020-12-30 08:54:31 info: render time for de/programm=95ms
2020-12-30 08:54:41 info: render time for de/programm=48ms
2020-12-30 08:55:05 info: render time for de/programm=61ms
2020-12-30 08:55:09 info: render time for de=46ms
2020-12-30 08:55:17 info: render time for de=72ms
2020-12-30 08:55:21 info: render time for de=45ms
2020-12-30 08:55:23 info: render time for =45ms
2020-12-30 08:55:25 info: render time for de=45ms
2020-12-30 08:55:29 info: render time for de=45ms
2020-12-30 08:55:44 info: render time for de=40ms
2020-12-30 08:55:48 info: render time for de=45ms
2020-12-30 08:56:23 info: render time for de=79ms
2020-12-30 08:56:29 info: render time for de=45ms
2020-12-30 08:56:49 info: render time for de=82ms
2020-12-30 08:57:06 info: render time for de=50ms
2020-12-30 08:57:09 info: render time for asset/docsy/js/popper.min.js.map=20ms
2020-12-30 08:57:10 info: render time for asset/docsy/js/bootstrap.min.js.map=38ms
2020-12-30 09:49:53 info: render time for documentation=49ms
2020-12-30 09:49:56 info: render time for asset/docsy/js/popper.min.js.map=24ms
2020-12-30 09:49:57 info: render time for asset/docsy/js/bootstrap.min.js.map=41ms
2020-12-30 09:50:49 info: render time for documentation=47ms
2020-12-30 09:50:52 info: render time for asset/docsy/js/popper.min.js.map=20ms
2020-12-30 09:50:53 info: render time for asset/docsy/js/bootstrap.min.js.map=43ms
2020-12-30 09:51:04 info: render time for documentation=46ms
2020-12-30 09:51:07 info: render time for asset/docsy/js/popper.min.js.map=21ms
2020-12-30 09:51:08 info: render time for asset/docsy/js/bootstrap.min.js.map=42ms
2020-12-30 09:51:18 info: render time for examples=40ms
2020-12-30 09:51:21 info: render time for de=46ms
2020-12-30 09:51:24 info: render time for asset/docsy/js/popper.min.js.map=18ms
2020-12-30 09:51:25 info: render time for asset/docsy/js/bootstrap.min.js.map=39ms
2020-12-30 09:52:33 info: render time for asset/docsy/js/popper.min.js.map=22ms
2020-12-30 09:52:34 info: render time for asset/docsy/js/bootstrap.min.js.map=41ms
2020-12-30 09:56:16 info: render time for de=43ms
2020-12-30 09:56:19 info: render time for asset/docsy/js/bootstrap.min.js.map=20ms
2020-12-30 09:56:20 info: render time for asset/docsy/js/popper.min.js.map=38ms
2020-12-30 09:56:21 info: render time for examples=37ms
2020-12-30 09:56:26 info: render time for de=47ms
2020-12-30 09:56:29 info: render time for asset/docsy/js/popper.min.js.map=23ms
2020-12-30 09:56:30 info: render time for asset/docsy/js/bootstrap.min.js.map=35ms
2020-12-30 09:57:28 info: render time for de=42ms
2020-12-30 09:57:32 info: render time for asset/docsy/js/popper.min.js.map=19ms
2020-12-30 09:57:33 info: render time for asset/docsy/js/bootstrap.min.js.map=42ms
2020-12-30 09:57:50 info: render time for de=43ms
2020-12-30 09:57:53 info: render time for asset/docsy/js/popper.min.js.map=18ms
2020-12-30 09:57:54 info: render time for asset/docsy/js/bootstrap.min.js.map=42ms
2020-12-30 09:58:08 info: render time for de=19ms
2020-12-30 09:58:11 info: render time for asset/docsy/js/popper.min.js.map=20ms
2020-12-30 09:58:12 info: render time for asset/docsy/js/bootstrap.min.js.map=41ms
2020-12-30 10:01:06 info: render time for de=109ms
2020-12-30 10:01:09 info: render time for asset/docsy/js/popper.min.js.map=20ms
2020-12-30 10:01:10 info: render time for asset/docsy/js/bootstrap.min.js.map=41ms
2020-12-30 10:01:38 info: render time for de=74ms
2020-12-30 10:01:41 info: render time for asset/docsy/js/popper.min.js.map=26ms
2020-12-30 10:01:42 info: render time for asset/docsy/js/bootstrap.min.js.map=42ms
2020-12-30 10:01:45 info: render time for de/programm=35ms
2020-12-30 10:01:48 info: render time for asset/docsy/js/popper.min.js.map=21ms
2020-12-30 10:01:49 info: render time for asset/docsy/js/bootstrap.min.js.map=41ms
2020-12-30 10:01:58 info: render time for de/programm/ini-dateien=39ms
2020-12-30 10:02:01 info: render time for asset/docsy/js/popper.min.js.map=20ms
2020-12-30 10:02:02 info: render time for asset/docsy/js/bootstrap.min.js.map=37ms
2020-12-30 10:02:04 info: render time for de/programm/startoptionen=44ms
2020-12-30 10:02:07 info: render time for asset/docsy/js/popper.min.js.map=24ms
2020-12-30 10:02:08 info: render time for asset/docsy/js/bootstrap.min.js.map=40ms
2020-12-30 10:02:16 info: render time for de/programm/startoptionen/dateivorwahl=36ms
2020-12-30 10:02:19 info: render time for asset/docsy/js/popper.min.js.map=25ms
2020-12-30 10:02:20 info: render time for asset/docsy/js/bootstrap.min.js.map=40ms
2020-12-30 10:03:12 info: render time for de/programm/startoptionen/dateivorwahl=52ms
2020-12-30 10:03:15 info: render time for asset/docsy/js/popper.min.js.map=24ms
2020-12-30 10:03:16 info: render time for asset/docsy/js/bootstrap.min.js.map=39ms
2020-12-30 10:03:57 info: render time for de/programm/startoptionen/dateivorwahl=46ms
2020-12-30 10:04:01 info: render time for asset/docsy/js/popper.min.js.map=21ms
2020-12-30 10:04:02 info: render time for asset/docsy/js/bootstrap.min.js.map=41ms
2020-12-30 10:05:27 info: render time for de/programm/startoptionen/dateivorwahl=52ms
2020-12-30 10:05:30 info: render time for asset/docsy/js/bootstrap.min.js.map=25ms
2020-12-30 10:05:31 info: render time for asset/docsy/js/popper.min.js.map=40ms
2020-12-30 10:05:58 info: render time for =41ms
2020-12-30 10:06:05 info: render time for =48ms
2020-12-30 10:09:15 info: render time for =56ms
2020-12-30 10:09:18 info: render time for de=51ms
2020-12-30 10:09:37 info: render time for de/export=47ms
2020-12-30 10:10:07 info: render time for asset/docsy/js/bootstrap.min.js.map=19ms
2020-12-30 10:10:07 info: render time for asset/docsy/js/popper.min.js.map=17ms
2020-12-30 10:10:48 info: render time for de/export=50ms
2020-12-30 10:10:51 info: render time for asset/docsy/js/popper.min.js.map=19ms
2020-12-30 10:10:51 info: render time for asset/docsy/js/bootstrap.min.js.map=20ms
2020-12-30 10:18:31 info: render time for de/export=22ms
2020-12-30 10:18:34 info: render time for asset/docsy/js/popper.min.js.map=25ms
2020-12-30 10:18:34 info: render time for asset/docsy/js/bootstrap.min.js.map=28ms
2020-12-30 10:19:21 info: render time for de/export=60ms
2020-12-30 10:19:25 info: render time for asset/docsy/js/bootstrap.min.js.map=20ms
2020-12-30 10:19:25 info: render time for asset/docsy/js/popper.min.js.map=23ms
2020-12-30 10:20:06 info: render time for de/export=47ms
2020-12-30 10:20:10 info: render time for asset/docsy/js/bootstrap.min.js.map=18ms
2020-12-30 10:20:10 info: render time for asset/docsy/js/popper.min.js.map=22ms
2020-12-30 10:21:57 info: render time for de/export=54ms
2020-12-30 10:22:00 info: render time for asset/docsy/js/popper.min.js.map=26ms
2020-12-30 10:22:00 info: render time for asset/docsy/js/bootstrap.min.js.map=25ms
2020-12-30 10:23:37 info: render time for de/export=50ms
2020-12-30 10:23:40 info: render time for asset/docsy/js/popper.min.js.map=25ms
2020-12-30 10:23:40 info: render time for asset/docsy/js/bootstrap.min.js.map=26ms
2020-12-30 10:23:43 info: render time for de/export=46ms
2020-12-30 10:23:46 info: render time for asset/docsy/js/bootstrap.min.js.map=24ms
2020-12-30 10:23:46 info: render time for asset/docsy/js/popper.min.js.map=26ms
2020-12-30 10:25:44 info: render time for de/export=51ms
2020-12-30 10:25:48 info: render time for asset/docsy/js/popper.min.js.map=18ms
2020-12-30 10:25:48 info: render time for asset/docsy/js/bootstrap.min.js.map=22ms
2020-12-30 10:41:01 info: render time for de/export=61ms
2020-12-30 10:41:05 info: render time for de/export=45ms
2020-12-30 10:41:08 info: render time for asset/docsy/js/popper.min.js.map=24ms
2020-12-30 10:41:08 info: render time for asset/docsy/js/bootstrap.min.js.map=22ms
2020-12-30 10:41:11 info: render time for de/export=17ms
2020-12-30 10:41:14 info: render time for asset/docsy/js/popper.min.js.map=23ms
2020-12-30 10:41:14 info: render time for asset/docsy/js/bootstrap.min.js.map=22ms
2020-12-30 10:41:17 info: render time for de/seite=45ms
2020-12-30 10:41:20 info: render time for asset/docsy/js/popper.min.js.map=24ms
2020-12-30 10:41:20 info: render time for asset/docsy/js/bootstrap.min.js.map=23ms
2020-12-30 10:41:25 info: render time for de/seite/merken=37ms
2020-12-30 10:41:28 info: render time for asset/docsy/js/bootstrap.min.js.map=20ms
2020-12-30 10:41:28 info: render time for asset/docsy/js/popper.min.js.map=25ms
2020-12-30 10:41:35 info: render time for de/seite/hintergrundfeedf5=43ms
2020-12-30 10:41:38 info: render time for asset/docsy/js/bootstrap.min.js.map=22ms
2020-12-30 10:41:38 info: render time for asset/docsy/js/popper.min.js.map=23ms
2020-12-30 10:41:51 info: render time for de/datei=41ms
2020-12-30 10:41:54 info: render time for asset/docsy/js/popper.min.js.map=19ms
2020-12-30 10:41:54 info: render time for asset/docsy/js/bootstrap.min.js.map=23ms
2020-12-30 10:42:03 info: render time for de/exemples=45ms
2020-12-30 10:42:06 info: render time for asset/docsy/js/popper.min.js.map=28ms
2020-12-30 10:42:06 info: render time for asset/docsy/js/bootstrap.min.js.map=27ms
2020-12-30 10:44:10 info: render time for de/exemples=60ms
2020-12-30 10:44:13 info: render time for asset/docsy/js/bootstrap.min.js.map=20ms
2020-12-30 10:44:13 info: render time for asset/docsy/js/popper.min.js.map=22ms
2020-12-30 10:44:24 info: render time for de/exemples=51ms
2020-12-30 10:44:27 info: render time for asset/docsy/js/popper.min.js.map=21ms
2020-12-30 10:44:27 info: render time for asset/docsy/js/bootstrap.min.js.map=20ms
2020-12-30 11:32:03 info: render time for de/exemples=59ms
2020-12-30 11:32:06 info: render time for asset/docsy/js/bootstrap.min.js.map=23ms
2020-12-30 11:32:06 info: render time for asset/docsy/js/popper.min.js.map=30ms
2020-12-30 11:35:33 info: render time for de/exemples=25ms
2020-12-30 11:35:36 info: render time for asset/docsy/js/popper.min.js.map=19ms
2020-12-30 11:35:36 info: render time for asset/docsy/js/bootstrap.min.js.map=26ms
2020-12-30 11:37:49 info: render time for de/exemples=50ms
2020-12-30 11:37:52 info: render time for asset/docsy/js/popper.min.js.map=21ms
2020-12-30 11:37:52 info: render time for asset/docsy/js/bootstrap.min.js.map=26ms
2020-12-30 11:38:12 info: render time for =54ms
2020-12-30 11:38:17 info: render time for =48ms
2020-12-30 11:40:54 info: render time for documentation=56ms
2020-12-30 11:40:57 info: render time for asset/docsy/js/popper.min.js.map=28ms
2020-12-30 11:40:57 info: render time for asset/docsy/js/bootstrap.min.js.map=30ms
2020-12-30 11:44:01 info: render time for =48ms
2020-12-30 11:44:05 info: render time for documentation=46ms
2020-12-30 11:45:24 info: render time for =47ms
2020-12-30 01:43:54 info: render time for documentation=25ms
2020-12-30 01:44:03 info: render time for examples=46ms
2020-12-30 01:44:05 info: render time for de=47ms
2020-12-30 01:46:55 info: render time for =56ms
2020-12-30 01:47:56 info: render time for =47ms
2020-12-30 01:48:01 info: render time for documentation=44ms
2020-12-30 01:49:01 info: render time for =29ms
2020-12-30 01:49:04 info: render time for de=33ms
2020-12-30 01:49:19 info: render time for de=333ms
2020-12-30 01:49:28 info: render time for de=91ms
2020-12-30 01:49:40 info: render time for de=102ms
2020-12-30 01:49:49 info: render time for de=87ms
2020-12-30 01:50:52 info: render time for de=82ms
2020-12-30 01:51:50 info: render time for de=82ms
2020-12-30 04:57:33 info: render time for asset/docsy/js/popper.min.js.map=91ms
2020-12-30 04:57:33 info: render time for asset/docsy/js/bootstrap.min.js.map=90ms
2020-12-30 05:00:28 info: render time for de=61ms
2020-12-30 05:00:31 info: render time for asset/docsy/js/popper.min.js.map=22ms
2020-12-30 05:00:31 info: render time for asset/docsy/js/bootstrap.min.js.map=28ms
2020-12-30 05:02:54 info: render time for de=50ms
2020-12-30 05:02:58 info: render time for asset/docsy/js/bootstrap.min.js.map=21ms
2020-12-30 05:02:58 info: render time for asset/docsy/js/popper.min.js.map=25ms
2020-12-30 05:03:33 info: render time for de/tweaks/textrand=49ms
2020-12-30 05:03:36 info: render time for asset/docsy/js/popper.min.js.map=21ms
2020-12-30 05:03:36 info: render time for asset/docsy/js/bootstrap.min.js.map=26ms
2020-12-30 05:03:38 info: render time for de/programm=39ms
2020-12-30 05:03:41 info: render time for asset/docsy/js/popper.min.js.map=27ms
2020-12-30 05:03:41 info: render time for asset/docsy/js/bootstrap.min.js.map=27ms
2020-12-30 05:03:45 info: render time for de/programm/startoptionen/dateivorwahl=37ms
2020-12-30 05:03:48 info: render time for asset/docsy/js/popper.min.js.map=18ms
2020-12-30 05:03:48 info: render time for asset/docsy/js/bootstrap.min.js.map=19ms
2020-12-30 05:03:59 info: render time for de/programm/startoptionen/dateivorwahl=47ms
2020-12-30 05:04:03 info: render time for asset/docsy/js/popper.min.js.map=21ms
2020-12-30 05:04:03 info: render time for asset/docsy/js/bootstrap.min.js.map=21ms
2020-12-30 05:04:59 info: render time for de/programm/startoptionen/dateivorwahl=51ms
2020-12-30 05:05:02 info: render time for asset/docsy/js/bootstrap.min.js.map=19ms
2020-12-30 05:05:02 info: render time for asset/docsy/js/popper.min.js.map=24ms
2020-12-30 05:05:32 info: render time for de/programm/startoptionen/dateivorwahl=50ms
2020-12-30 05:05:35 info: render time for asset/docsy/js/popper.min.js.map=22ms
2020-12-30 05:05:35 info: render time for asset/docsy/js/bootstrap.min.js.map=25ms
2020-12-30 05:05:58 info: render time for de/programm/startoptionen/dateivorwahl=47ms
2020-12-30 05:06:01 info: render time for asset/docsy/js/popper.min.js.map=22ms
2020-12-30 05:06:01 info: render time for asset/docsy/js/bootstrap.min.js.map=24ms
2020-12-30 05:06:33 info: render time for de/programm/startoptionen/dateivorwahl=46ms
2020-12-30 05:06:36 info: render time for asset/docsy/js/popper.min.js.map=25ms
2020-12-30 05:06:36 info: render time for asset/docsy/js/bootstrap.min.js.map=26ms
2020-12-30 05:07:06 info: render time for de/programm/startoptionen/dateivorwahl=50ms
2020-12-30 05:07:09 info: render time for asset/docsy/js/popper.min.js.map=19ms
2020-12-30 05:07:09 info: render time for asset/docsy/js/bootstrap.min.js.map=19ms
2020-12-30 05:07:28 info: render time for de/programm/startoptionen/dateivorwahl=44ms
2020-12-30 05:07:31 info: render time for asset/docsy/js/popper.min.js.map=19ms
2020-12-30 05:07:31 info: render time for asset/docsy/js/bootstrap.min.js.map=23ms
2020-12-30 05:07:51 info: render time for de/programm/startoptionen/dateivorwahl=45ms
2020-12-30 05:07:54 info: render time for asset/docsy/js/bootstrap.min.js.map=22ms
2020-12-30 05:07:54 info: render time for asset/docsy/js/popper.min.js.map=22ms
2020-12-30 05:08:08 info: render time for documentation/installation=39ms
2020-12-30 05:08:11 info: render time for asset/docsy/js/bootstrap.min.js.map=21ms
2020-12-30 05:08:11 info: render time for asset/docsy/js/popper.min.js.map=24ms
2020-12-30 05:11:18 info: render time for documentation/installation=55ms
2020-12-30 05:11:22 info: render time for asset/docsy/js/popper.min.js.map=25ms
2020-12-30 05:11:22 info: render time for asset/docsy/js/bootstrap.min.js.map=26ms
2020-12-30 05:24:18 info: render time for documentation/templates=50ms
2020-12-30 05:24:21 info: render time for asset/docsy/js/popper.min.js.map=26ms
2020-12-30 05:24:21 info: render time for asset/docsy/js/bootstrap.min.js.map=26ms
2020-12-31 02:59:30 info: render time for documentation/templates=120ms
2020-12-31 02:59:37 info: render time for documentation=40ms
2020-12-31 02:59:44 info: render time for examples=40ms
2020-12-31 02:59:47 info: render time for de=44ms
2020-12-31 03:01:24 info: render time for de=54ms
2020-12-31 03:06:20 info: render time for de=63ms
2020-12-31 03:08:18 info: render time for =96ms
2020-12-31 03:08:20 info: render time for examples=47ms
2020-12-31 03:09:49 info: render time for documentation=48ms
2020-12-31 03:12:02 info: render time for examples=43ms
2020-12-31 03:12:11 info: render time for examples/mempad-for-windows=48ms
2020-12-31 03:14:37 info: render time for examples/mempad-for-windows=78ms
2020-12-31 03:15:29 info: render time for examples/mempad-for-windows=38ms
2020-12-31 03:58:42 info: render time for examples/mempad-for-windows=99ms
2020-12-31 03:59:38 info: render time for examples/mempad-for-windows=62ms
2020-12-31 04:00:01 info: render time for examples/mempad-for-windows=43ms
2020-12-31 04:01:22 info: render time for examples/mempad-for-windows=47ms
2020-12-31 04:01:49 info: render time for examples/mempad-for-windows=82ms
2020-12-31 04:14:54 info: render time for examples/mempad-for-windows=64ms
2020-12-31 04:15:01 info: render time for examples/mempad-for-windows/index=45ms
2020-12-31 04:15:48 info: render time for examples/mempad-for-windows/index=142ms
2020-12-31 04:16:01 info: render time for examples/mempad-for-windows/index=77ms
2020-12-31 04:16:10 info: render time for de=41ms
2020-12-31 04:16:41 info: render time for de/programm=38ms
2020-12-31 04:17:41 info: render time for de/programm=79ms
2020-12-31 04:34:55 info: render time for =83ms
2020-12-31 04:34:57 info: render time for documentation=49ms
2020-12-31 04:35:00 info: render time for examples=51ms
2020-12-31 04:37:02 info: render time for examples=74ms
2020-12-31 04:37:08 info: render time for examples/mempad-for-windows=44ms
2020-12-31 04:37:40 info: render time for =41ms
2020-12-31 04:37:42 info: render time for de=47ms
2020-12-31 04:40:33 info: render time for de=80ms
2020-12-31 04:40:35 info: render time for de=42ms
2020-12-31 04:40:39 info: render time for de/programm=45ms
2020-12-31 04:40:43 info: render time for de/programm/ini-dateien=40ms
2020-12-31 04:45:49 info: render time for de/programm/ini-dateien=57ms
2020-12-31 04:46:30 info: render time for de/programm/ini-dateien=83ms
2020-12-31 04:46:44 info: render time for de/programm/ini-dateien=69ms
2021-1-2 04:46:24 info: render time for =22ms
2021-1-2 04:46:30 info: render time for =44ms
2021-1-2 04:46:43 info: render time for de=20ms
2021-1-3 09:22:50 info: render time for de=323ms
2021-1-4 10:39:54 info: render time for de/programm/datenordner=233ms
2021-1-4 10:40:04 info: render time for de/programm/dateigruppen=37ms
2021-1-4 10:40:08 info: render time for documentation/installation=106ms
2021-1-5 07:16:58 info: render time for =136ms
2021-1-5 10:09:25 info: render time for =43ms
2021-1-5 10:09:29 info: render time for documentation=46ms
2021-1-5 10:09:34 info: render time for documentation/installation=45ms
2021-1-5 10:09:43 info: render time for documentation/installation=39ms
2021-1-5 10:09:45 info: render time for documentation/configuration=45ms
2021-1-5 10:10:50 info: render time for documentation/configuration=38ms
2021-1-6 04:29:51 info: render time for documentation/installation=57ms
2021-1-6 04:29:53 info: render time for =36ms
2021-1-6 04:31:05 info: render time for documentation/installation=42ms
2021-1-6 04:31:08 info: render time for =42ms
2021-1-6 10:13:38 info: render time for =41ms
2021-1-7 10:37:32 info: render time for =133ms
2021-1-7 10:37:35 info: render time for documentation=35ms
2021-1-7 10:37:36 info: render time for examples=36ms
2021-1-7 10:42:05 info: render time for examples=49ms
2021-1-7 10:42:07 info: render time for =44ms
2021-1-7 10:42:08 info: render time for examples=39ms
2021-1-7 10:42:30 info: render time for =68ms
2021-1-7 10:59:22 info: render time for examples=21ms
